#
# There is insufficient memory for the Java Runtime Environment to continue.
# Native memory allocation (mmap) failed to map 54525952 bytes for G1 virtual space
# Possible reasons:
#   The system is out of physical RAM or swap space
#   The process is running with CompressedOops enabled, and the Java Heap may be blocking the growth of the native heap
# Possible solutions:
#   Reduce memory load on the system
#   Increase physical memory or swap space
#   Check if swap backing store is full
#   Decrease Java heap size (-Xmx/-Xms)
#   Decrease number of Java threads
#   Decrease Java thread stack sizes (-Xss)
#   Set larger code cache with -XX:ReservedCodeCacheSize=
#   JVM is running with Unscaled Compressed Oops mode in which the Java heap is
#     placed in the first 4GB address space. The Java Heap base address is the
#     maximum limit for the native heap growth. Please use -XX:HeapBaseMinAddress
#     to set the Java Heap base and to place the Java Heap above 4GB virtual address.
# This output file may be truncated or incomplete.
#
#  Out of Memory Error (os_windows.cpp:3530), pid=5828, tid=14512
#
# JRE version: Java(TM) SE Runtime Environment (18.0.1.1+2) (build 18.0.1.1+2-6)
# Java VM: Java HotSpot(TM) 64-Bit Server VM (18.0.1.1+2-6, mixed mode, sharing, tiered, compressed oops, compressed class ptrs, g1 gc, windows-amd64)
# No core dump will be written. Minidumps are not enabled by default on client versions of Windows
#

---------------  S U M M A R Y ------------

Command Line: -Dmaven.multiModuleProjectDirectory=G:\EAD2\Pizza_Creed -Djansi.passthrough=true -Dmaven.home=C:\Users\ACER\.m2\wrapper\dists\apache-maven-3.8.7-bin\1ktonn2lleg549uah6ngl1r74r\apache-maven-3.8.7 -Dclassworlds.conf=C:\Users\ACER\.m2\wrapper\dists\apache-maven-3.8.7-bin\1ktonn2lleg549uah6ngl1r74r\apache-maven-3.8.7\bin\m2.conf -Dmaven.ext.class.path=C:\Program Files\JetBrains\IntelliJ IDEA Community Edition 2022.3.1\plugins\maven\lib\maven-event-listener.jar -javaagent:C:\Program Files\JetBrains\IntelliJ IDEA Community Edition 2022.3.1\lib\idea_rt.jar=62537:C:\Program Files\JetBrains\IntelliJ IDEA Community Edition 2022.3.1\bin -Dfile.encoding=UTF-8 -Dsun.stdout.encoding=UTF-8 -Dsun.stderr.encoding=UTF-8 org.codehaus.classworlds.Launcher -Didea.version=2022.3.1 -DskipTests=true package

Host: Intel(R) Core(TM) i5-6200U CPU @ 2.30GHz, 4 cores, 3G,  Windows 10 , 64 bit Build 19041 (10.0.19041.2913)
Time: Sat Jun 17 11:43:40 2023 Sri Lanka Standard Time elapsed time: 11.420797 seconds (0d 0h 0m 11s)

---------------  T H R E A D  ---------------

Current thread (0x0000025df22f1f70):  VMThread "VM Thread" [stack: 0x000000b7f8300000,0x000000b7f8400000] [id=14512]

Stack: [0x000000b7f8300000,0x000000b7f8400000]
Native frames: (J=compiled Java code, j=interpreted, Vv=VM code, C=native code)
V  [jvm.dll+0x69887a]
V  [jvm.dll+0x7f38bd]
V  [jvm.dll+0x7f51ce]
V  [jvm.dll+0x7f5883]
V  [jvm.dll+0x25ca3f]
V  [jvm.dll+0x6957c9]
V  [jvm.dll+0x68a2fa]
V  [jvm.dll+0x321efb]
V  [jvm.dll+0x3298d6]
V  [jvm.dll+0x37e47e]
V  [jvm.dll+0x37e6af]
V  [jvm.dll+0x2f9c7a]
V  [jvm.dll+0x2f9d27]
V  [jvm.dll+0x33e262]
V  [jvm.dll+0x33c804]
V  [jvm.dll+0x2f9450]
V  [jvm.dll+0x33bddb]
V  [jvm.dll+0x7fa66b]
V  [jvm.dll+0x7fb404]
V  [jvm.dll+0x7fb93c]
V  [jvm.dll+0x7fbd94]
V  [jvm.dll+0x7fbe57]
V  [jvm.dll+0x7a03ea]
V  [jvm.dll+0x697725]
C  [ucrtbase.dll+0x21bb2]
C  [KERNEL32.DLL+0x17614]
C  [ntdll.dll+0x526a1]

VM_Operation (0x000000b7f7dfceb0): G1CollectForAllocation, mode: safepoint, requested by thread 0x0000025df22524b0


---------------  P R O C E S S  ---------------

Threads class SMR info:
_java_thread_list=0x0000025dfe72bb90, length=13, elements={
0x0000025df22524b0, 0x0000025df22f3e70, 0x0000025df22f59f0, 0x0000025df2309d80,
0x0000025df230a630, 0x0000025df230aee0, 0x0000025df230b790, 0x0000025df230c370,
0x0000025df230edb0, 0x0000025dfe4f5f10, 0x0000025dfe4bc0d0, 0x0000025dfe78f580,
0x0000025dfe78fa40
}

Java Threads: ( => current thread )
  0x0000025df22524b0 JavaThread "main" [_thread_blocked, id=10732, stack(0x000000b7f7d00000,0x000000b7f7e00000)]
  0x0000025df22f3e70 JavaThread "Reference Handler" daemon [_thread_blocked, id=9316, stack(0x000000b7f8400000,0x000000b7f8500000)]
  0x0000025df22f59f0 JavaThread "Finalizer" daemon [_thread_blocked, id=12080, stack(0x000000b7f8500000,0x000000b7f8600000)]
  0x0000025df2309d80 JavaThread "Signal Dispatcher" daemon [_thread_blocked, id=13052, stack(0x000000b7f8600000,0x000000b7f8700000)]
  0x0000025df230a630 JavaThread "Attach Listener" daemon [_thread_blocked, id=9688, stack(0x000000b7f8700000,0x000000b7f8800000)]
  0x0000025df230aee0 JavaThread "Service Thread" daemon [_thread_blocked, id=6552, stack(0x000000b7f8800000,0x000000b7f8900000)]
  0x0000025df230b790 JavaThread "Monitor Deflation Thread" daemon [_thread_blocked, id=15124, stack(0x000000b7f8900000,0x000000b7f8a00000)]
  0x0000025df230c370 JavaThread "C2 CompilerThread0" daemon [_thread_blocked, id=4588, stack(0x000000b7f8a00000,0x000000b7f8b00000)]
  0x0000025df230edb0 JavaThread "C1 CompilerThread0" daemon [_thread_blocked, id=12432, stack(0x000000b7f8b00000,0x000000b7f8c00000)]
  0x0000025dfe4f5f10 JavaThread "Sweeper thread" daemon [_thread_blocked, id=792, stack(0x000000b7f8c00000,0x000000b7f8d00000)]
  0x0000025dfe4bc0d0 JavaThread "Common-Cleaner" daemon [_thread_blocked, id=14956, stack(0x000000b7f8d00000,0x000000b7f8e00000)]
  0x0000025dfe78f580 JavaThread "Monitor Ctrl-Break" daemon [_thread_in_native, id=1956, stack(0x000000b7f8e00000,0x000000b7f8f00000)]
  0x0000025dfe78fa40 JavaThread "Notification Thread" daemon [_thread_blocked, id=11252, stack(0x000000b7f8f00000,0x000000b7f9000000)]

Other Threads:
=>0x0000025df22f1f70 VMThread "VM Thread" [stack: 0x000000b7f8300000,0x000000b7f8400000] [id=14512]
  0x0000025dfe730530 WatcherThread "VM Periodic Task Thread" [stack: 0x000000b7f9000000,0x000000b7f9100000] [id=4640]
  0x0000025df2294360 WorkerThread "GC Thread#0" [stack: 0x000000b7f7e00000,0x000000b7f7f00000] [id=11376]
  0x0000025dfeb11820 WorkerThread "GC Thread#1" [stack: 0x000000b7f9100000,0x000000b7f9200000] [id=5852]
  0x0000025dfec52f50 WorkerThread "GC Thread#2" [stack: 0x000000b7f9200000,0x000000b7f9300000] [id=13752]
  0x0000025dfee0de40 WorkerThread "GC Thread#3" [stack: 0x000000b7f9300000,0x000000b7f9400000] [id=7828]
  0x0000025df229e5c0 ConcurrentGCThread "G1 Main Marker" [stack: 0x000000b7f7f00000,0x000000b7f8000000] [id=10560]
  0x0000025df229eec0 WorkerThread "G1 Conc#0" [stack: 0x000000b7f8000000,0x000000b7f8100000] [id=14732]
  0x0000025df22cb560 ConcurrentGCThread "G1 Refine#0" [stack: 0x000000b7f8100000,0x000000b7f8200000] [id=2936]
  0x0000025dfeb11ac0 ConcurrentGCThread "G1 Refine#1" [stack: 0x000000b7f9400000,0x000000b7f9500000] [id=13944]
  0x0000025df22cd190 ConcurrentGCThread "G1 Service" [stack: 0x000000b7f8200000,0x000000b7f8300000] [id=12536]

Threads with active compile tasks:
C2 CompilerThread0    11490 4832 % !   4       java.util.jar.Attributes::read @ 214 (494 bytes)
C1 CompilerThread0    11490 4963       3       com.sun.tools.javac.code.Symbol$ClassSymbol::<init> (29 bytes)

VM state: at safepoint (normal execution)

VM Mutex/Monitor currently owned by a thread:  ([mutex/lock_event])
[0x0000025df224f590] Threads_lock - owner thread: 0x0000025df22f1f70
[0x0000025df224ef60] Heap_lock - owner thread: 0x0000025df22524b0

Heap address: 0x00000000c2000000, size: 992 MB, Compressed Oops mode: 32-bit

CDS archive(s) mapped at: [0x0000000800000000-0x0000000800ba0000-0x0000000800ba0000), size 12189696, SharedBaseAddress: 0x0000000800000000, ArchiveRelocationMode: 0.
Compressed class space mapped at: 0x0000000800c00000-0x0000000840c00000, reserved size: 1073741824
Narrow klass base: 0x0000000800000000, Narrow klass shift: 0, Narrow klass range: 0x100000000

GC Precious Log:
 CardTable entry size: 512
 Card Set container configuration: InlinePtr #cards 5 size 8 Array Of Cards #cards 12 size 40 Howl #buckets 4 coarsen threshold 1843 Howl Bitmap #cards 512 size 80 coarsen threshold 460 Card regions per heap region 1 cards per card region 2048
 CPUs: 4 total, 4 available
 Memory: 3962M
 Large Page Support: Disabled
 NUMA Support: Disabled
 Compressed Oops: Enabled (32-bit)
 Heap Region Size: 1M
 Heap Min Capacity: 8M
 Heap Initial Capacity: 62M
 Heap Max Capacity: 992M
 Pre-touch: Disabled
 Parallel Workers: 4
 Concurrent Workers: 1
 Concurrent Refinement Workers: 4
 Periodic GC: Disabled

Heap:
 garbage-first heap   total 83968K, used 32253K [0x00000000c2000000, 0x0000000100000000)
  region size 1024K, 6 young (6144K), 6 survivors (6144K)
 Metaspace       used 23295K, committed 23680K, reserved 1114112K
  class space    used 2567K, committed 2752K, reserved 1048576K

Heap Regions: E=young(eden), S=young(survivor), O=old, HS=humongous(starts), HC=humongous(continues), CS=collection set, F=free, OA=open archive, CA=closed archive, TAMS=top-at-mark-start (previous, next)
|   0|0x00000000c2000000, 0x00000000c2100000, 0x00000000c2100000|100%| O|  |TAMS 0x00000000c2100000, 0x00000000c2000000| Untracked 
|   1|0x00000000c2100000, 0x00000000c2200000, 0x00000000c2200000|100%| O|  |TAMS 0x00000000c2200000, 0x00000000c2100000| Untracked 
|   2|0x00000000c2200000, 0x00000000c2300000, 0x00000000c2300000|100%| O|  |TAMS 0x00000000c2300000, 0x00000000c2200000| Untracked 
|   3|0x00000000c2300000, 0x00000000c2400000, 0x00000000c2400000|100%| O|  |TAMS 0x00000000c2400000, 0x00000000c2300000| Untracked 
|   4|0x00000000c2400000, 0x00000000c2500000, 0x00000000c2500000|100%|HS|  |TAMS 0x00000000c2400000, 0x00000000c2400000| Complete 
|   5|0x00000000c2500000, 0x00000000c2600000, 0x00000000c2600000|100%| O|  |TAMS 0x00000000c2600000, 0x00000000c2500000| Untracked 
|   6|0x00000000c2600000, 0x00000000c2700000, 0x00000000c2700000|100%| O|  |TAMS 0x00000000c2700000, 0x00000000c2600000| Untracked 
|   7|0x00000000c2700000, 0x00000000c2800000, 0x00000000c2800000|100%| O|  |TAMS 0x00000000c2800000, 0x00000000c2700000| Untracked 
|   8|0x00000000c2800000, 0x00000000c2900000, 0x00000000c2900000|100%| O|  |TAMS 0x00000000c2900000, 0x00000000c2800000| Untracked 
|   9|0x00000000c2900000, 0x00000000c2a00000, 0x00000000c2a00000|100%| O|  |TAMS 0x00000000c2a00000, 0x00000000c2900000| Untracked 
|  10|0x00000000c2a00000, 0x00000000c2b00000, 0x00000000c2b00000|100%| O|  |TAMS 0x00000000c2a00000, 0x00000000c2a00000| Untracked 
|  11|0x00000000c2b00000, 0x00000000c2c00000, 0x00000000c2c00000|100%| O|  |TAMS 0x00000000c2b00000, 0x00000000c2b00000| Untracked 
|  12|0x00000000c2c00000, 0x00000000c2d00000, 0x00000000c2d00000|100%| O|  |TAMS 0x00000000c2c00000, 0x00000000c2c00000| Untracked 
|  13|0x00000000c2d00000, 0x00000000c2e00000, 0x00000000c2e00000|100%|HS|  |TAMS 0x00000000c2d00000, 0x00000000c2d00000| Complete 
|  14|0x00000000c2e00000, 0x00000000c2f00000, 0x00000000c2f00000|100%| O|  |TAMS 0x00000000c2e00000, 0x00000000c2e00000| Untracked 
|  15|0x00000000c2f00000, 0x00000000c3000000, 0x00000000c3000000|100%| O|  |TAMS 0x00000000c2f00000, 0x00000000c2f00000| Untracked 
|  16|0x00000000c3000000, 0x00000000c3100000, 0x00000000c3100000|100%| O|  |TAMS 0x00000000c3000000, 0x00000000c3000000| Untracked 
|  17|0x00000000c3100000, 0x00000000c3200000, 0x00000000c3200000|100%| O|  |TAMS 0x00000000c3100000, 0x00000000c3100000| Untracked 
|  18|0x00000000c3200000, 0x00000000c3300000, 0x00000000c3300000|100%| O|  |TAMS 0x00000000c3300000, 0x00000000c3200000| Untracked 
|  19|0x00000000c3300000, 0x00000000c3400000, 0x00000000c3400000|100%| O|  |TAMS 0x00000000c3400000, 0x00000000c3300000| Untracked 
|  20|0x00000000c3400000, 0x00000000c3500000, 0x00000000c3500000|100%| O|  |TAMS 0x00000000c34cba00, 0x00000000c3400000| Untracked 
|  21|0x00000000c3500000, 0x00000000c3600000, 0x00000000c3600000|100%| O|  |TAMS 0x00000000c3500000, 0x00000000c3500000| Untracked 
|  22|0x00000000c3600000, 0x00000000c3700000, 0x00000000c3700000|100%| O|  |TAMS 0x00000000c3600000, 0x00000000c3600000| Untracked 
|  23|0x00000000c3700000, 0x00000000c3800000, 0x00000000c3800000|100%| O|  |TAMS 0x00000000c3700000, 0x00000000c3700000| Untracked 
|  24|0x00000000c3800000, 0x00000000c3900000, 0x00000000c3900000|100%| O|  |TAMS 0x00000000c3800000, 0x00000000c3800000| Untracked 
|  25|0x00000000c3900000, 0x00000000c397f600, 0x00000000c3a00000| 49%| O|  |TAMS 0x00000000c3900000, 0x00000000c3900000| Untracked 
|  26|0x00000000c3a00000, 0x00000000c3a00000, 0x00000000c3b00000|  0%| F|  |TAMS 0x00000000c3a00000, 0x00000000c3a00000| Untracked 
|  27|0x00000000c3b00000, 0x00000000c3b00000, 0x00000000c3c00000|  0%| F|  |TAMS 0x00000000c3b00000, 0x00000000c3b00000| Untracked 
|  28|0x00000000c3c00000, 0x00000000c3d00000, 0x00000000c3d00000|100%| S|CS|TAMS 0x00000000c3c00000, 0x00000000c3c00000| Complete 
|  29|0x00000000c3d00000, 0x00000000c3e00000, 0x00000000c3e00000|100%| S|CS|TAMS 0x00000000c3d00000, 0x00000000c3d00000| Complete 
|  30|0x00000000c3e00000, 0x00000000c3f00000, 0x00000000c3f00000|100%| S|CS|TAMS 0x00000000c3e00000, 0x00000000c3e00000| Complete 
|  31|0x00000000c3f00000, 0x00000000c4000000, 0x00000000c4000000|100%| S|CS|TAMS 0x00000000c3f00000, 0x00000000c3f00000| Complete 
|  32|0x00000000c4000000, 0x00000000c4100000, 0x00000000c4100000|100%| S|CS|TAMS 0x00000000c4000000, 0x00000000c4000000| Complete 
|  33|0x00000000c4100000, 0x00000000c4200000, 0x00000000c4200000|100%| S|CS|TAMS 0x00000000c4100000, 0x00000000c4100000| Complete 
|  34|0x00000000c4200000, 0x00000000c4200000, 0x00000000c4300000|  0%| F|  |TAMS 0x00000000c4200000, 0x00000000c4200000| Untracked 
|  35|0x00000000c4300000, 0x00000000c4300000, 0x00000000c4400000|  0%| F|  |TAMS 0x00000000c4300000, 0x00000000c4300000| Untracked 
|  36|0x00000000c4400000, 0x00000000c4400000, 0x00000000c4500000|  0%| F|  |TAMS 0x00000000c4400000, 0x00000000c4400000| Untracked 
|  37|0x00000000c4500000, 0x00000000c4500000, 0x00000000c4600000|  0%| F|  |TAMS 0x00000000c4500000, 0x00000000c4500000| Untracked 
|  38|0x00000000c4600000, 0x00000000c4600000, 0x00000000c4700000|  0%| F|  |TAMS 0x00000000c4600000, 0x00000000c4600000| Untracked 
|  39|0x00000000c4700000, 0x00000000c4700000, 0x00000000c4800000|  0%| F|  |TAMS 0x00000000c4700000, 0x00000000c4700000| Untracked 
|  40|0x00000000c4800000, 0x00000000c4800000, 0x00000000c4900000|  0%| F|  |TAMS 0x00000000c4800000, 0x00000000c4800000| Untracked 
|  41|0x00000000c4900000, 0x00000000c4900000, 0x00000000c4a00000|  0%| F|  |TAMS 0x00000000c4900000, 0x00000000c4900000| Untracked 
|  42|0x00000000c4a00000, 0x00000000c4a00000, 0x00000000c4b00000|  0%| F|  |TAMS 0x00000000c4a00000, 0x00000000c4a00000| Untracked 
|  43|0x00000000c4b00000, 0x00000000c4b00000, 0x00000000c4c00000|  0%| F|  |TAMS 0x00000000c4b00000, 0x00000000c4b00000| Untracked 
|  44|0x00000000c4c00000, 0x00000000c4c00000, 0x00000000c4d00000|  0%| F|  |TAMS 0x00000000c4c00000, 0x00000000c4c00000| Untracked 
|  45|0x00000000c4d00000, 0x00000000c4d00000, 0x00000000c4e00000|  0%| F|  |TAMS 0x00000000c4d00000, 0x00000000c4d00000| Untracked 
|  46|0x00000000c4e00000, 0x00000000c4e00000, 0x00000000c4f00000|  0%| F|  |TAMS 0x00000000c4e00000, 0x00000000c4e00000| Untracked 
|  47|0x00000000c4f00000, 0x00000000c4f00000, 0x00000000c5000000|  0%| F|  |TAMS 0x00000000c4f00000, 0x00000000c4f00000| Untracked 
|  48|0x00000000c5000000, 0x00000000c5000000, 0x00000000c5100000|  0%| F|  |TAMS 0x00000000c5000000, 0x00000000c5000000| Untracked 
|  49|0x00000000c5100000, 0x00000000c5100000, 0x00000000c5200000|  0%| F|  |TAMS 0x00000000c5100000, 0x00000000c5100000| Untracked 
|  50|0x00000000c5200000, 0x00000000c5200000, 0x00000000c5300000|  0%| F|  |TAMS 0x00000000c5200000, 0x00000000c5200000| Untracked 
|  51|0x00000000c5300000, 0x00000000c5300000, 0x00000000c5400000|  0%| F|  |TAMS 0x00000000c5300000, 0x00000000c5300000| Untracked 
|  52|0x00000000c5400000, 0x00000000c5400000, 0x00000000c5500000|  0%| F|  |TAMS 0x00000000c5400000, 0x00000000c5400000| Untracked 
|  53|0x00000000c5500000, 0x00000000c5500000, 0x00000000c5600000|  0%| F|  |TAMS 0x00000000c5500000, 0x00000000c5500000| Untracked 
|  54|0x00000000c5600000, 0x00000000c5600000, 0x00000000c5700000|  0%| F|  |TAMS 0x00000000c5600000, 0x00000000c5600000| Untracked 
|  55|0x00000000c5700000, 0x00000000c5700000, 0x00000000c5800000|  0%| F|  |TAMS 0x00000000c5700000, 0x00000000c5700000| Untracked 
|  56|0x00000000c5800000, 0x00000000c5800000, 0x00000000c5900000|  0%| F|  |TAMS 0x00000000c5800000, 0x00000000c5800000| Untracked 
|  57|0x00000000c5900000, 0x00000000c5900000, 0x00000000c5a00000|  0%| F|  |TAMS 0x00000000c5900000, 0x00000000c5900000| Untracked 
|  58|0x00000000c5a00000, 0x00000000c5a00000, 0x00000000c5b00000|  0%| F|  |TAMS 0x00000000c5a00000, 0x00000000c5a00000| Untracked 
|  59|0x00000000c5b00000, 0x00000000c5b00000, 0x00000000c5c00000|  0%| F|  |TAMS 0x00000000c5b00000, 0x00000000c5b00000| Untracked 
|  60|0x00000000c5c00000, 0x00000000c5c00000, 0x00000000c5d00000|  0%| F|  |TAMS 0x00000000c5c00000, 0x00000000c5c00000| Untracked 
|  61|0x00000000c5d00000, 0x00000000c5d00000, 0x00000000c5e00000|  0%| F|  |TAMS 0x00000000c5d00000, 0x00000000c5d00000| Untracked 
|  62|0x00000000c5e00000, 0x00000000c5e00000, 0x00000000c5f00000|  0%| F|  |TAMS 0x00000000c5e00000, 0x00000000c5e00000| Untracked 
|  63|0x00000000c5f00000, 0x00000000c5f00000, 0x00000000c6000000|  0%| F|  |TAMS 0x00000000c5f00000, 0x00000000c5f00000| Untracked 
|  64|0x00000000c6000000, 0x00000000c6000000, 0x00000000c6100000|  0%| F|  |TAMS 0x00000000c6000000, 0x00000000c6000000| Untracked 
|  65|0x00000000c6100000, 0x00000000c6100000, 0x00000000c6200000|  0%| F|  |TAMS 0x00000000c6100000, 0x00000000c6100000| Untracked 
|  66|0x00000000c6200000, 0x00000000c6200000, 0x00000000c6300000|  0%| F|  |TAMS 0x00000000c6200000, 0x00000000c6200000| Untracked 
|  67|0x00000000c6300000, 0x00000000c6300000, 0x00000000c6400000|  0%| F|  |TAMS 0x00000000c6300000, 0x00000000c6300000| Untracked 
|  68|0x00000000c6400000, 0x00000000c6400000, 0x00000000c6500000|  0%| F|  |TAMS 0x00000000c6400000, 0x00000000c6400000| Untracked 
|  69|0x00000000c6500000, 0x00000000c6500000, 0x00000000c6600000|  0%| F|  |TAMS 0x00000000c6500000, 0x00000000c6500000| Untracked 
|  70|0x00000000c6600000, 0x00000000c6600000, 0x00000000c6700000|  0%| F|  |TAMS 0x00000000c6600000, 0x00000000c6600000| Untracked 
|  71|0x00000000c6700000, 0x00000000c6700000, 0x00000000c6800000|  0%| F|  |TAMS 0x00000000c6700000, 0x00000000c6700000| Untracked 
|  72|0x00000000c6800000, 0x00000000c6800000, 0x00000000c6900000|  0%| F|  |TAMS 0x00000000c6800000, 0x00000000c6800000| Untracked 
|  73|0x00000000c6900000, 0x00000000c6900000, 0x00000000c6a00000|  0%| F|  |TAMS 0x00000000c6900000, 0x00000000c6900000| Untracked 
|  74|0x00000000c6a00000, 0x00000000c6a00000, 0x00000000c6b00000|  0%| F|  |TAMS 0x00000000c6a00000, 0x00000000c6a00000| Untracked 
|  75|0x00000000c6b00000, 0x00000000c6b00000, 0x00000000c6c00000|  0%| F|  |TAMS 0x00000000c6b00000, 0x00000000c6b00000| Untracked 
|  76|0x00000000c6c00000, 0x00000000c6c00000, 0x00000000c6d00000|  0%| F|  |TAMS 0x00000000c6c00000, 0x00000000c6c00000| Untracked 
|  77|0x00000000c6d00000, 0x00000000c6d00000, 0x00000000c6e00000|  0%| F|  |TAMS 0x00000000c6d00000, 0x00000000c6d00000| Untracked 
|  78|0x00000000c6e00000, 0x00000000c6e00000, 0x00000000c6f00000|  0%| F|  |TAMS 0x00000000c6e00000, 0x00000000c6e00000| Untracked 
|  79|0x00000000c6f00000, 0x00000000c6f00000, 0x00000000c7000000|  0%| F|  |TAMS 0x00000000c6f00000, 0x00000000c6f00000| Untracked 
|  80|0x00000000c7000000, 0x00000000c7000000, 0x00000000c7100000|  0%| F|  |TAMS 0x00000000c7000000, 0x00000000c7000000| Untracked 
|  81|0x00000000c7100000, 0x00000000c7100000, 0x00000000c7200000|  0%| F|  |TAMS 0x00000000c7100000, 0x00000000c7100000| Untracked 

Card table byte_map: [0x0000025df9d80000,0x0000025df9f70000] _byte_map_base: 0x0000025df9770000

Marking Bits (Prev, Next): (CMBitMap*) 0x0000025df22960d0, (CMBitMap*) 0x0000025df2296090
 Prev Bits: [0x0000025dfb0e0000, 0x0000025dfc060000)
 Next Bits: [0x0000025dfa160000, 0x0000025dfb0e0000)

Polling page: 0x0000025df0120000

Metaspace:

Usage:
  Non-class:     20.24 MB used.
      Class:      2.51 MB used.
       Both:     22.75 MB used.

Virtual space:
  Non-class space:       64.00 MB reserved,      20.44 MB ( 32%) committed,  1 nodes.
      Class space:        1.00 GB reserved,       2.69 MB ( <1%) committed,  1 nodes.
             Both:        1.06 GB reserved,      23.12 MB (  2%) committed. 

Chunk freelists:
   Non-Class:  3.27 MB
       Class:  1.14 MB
        Both:  4.40 MB

MaxMetaspaceSize: unlimited
CompressedClassSpaceSize: 1.00 GB
Initial GC threshold: 21.00 MB
Current GC threshold: 24.94 MB
CDS: on
MetaspaceReclaimPolicy: balanced
 - commit_granule_bytes: 65536.
 - commit_granule_words: 8192.
 - virtual_space_node_default_size: 8388608.
 - enlarge_chunks_in_place: 1.
 - new_chunks_are_fully_committed: 0.
 - uncommit_free_chunks: 1.
 - use_allocation_guard: 0.


Internal statistics:

num_allocs_failed_limit: 0.
num_arena_births: 316.
num_arena_deaths: 0.
num_vsnodes_births: 2.
num_vsnodes_deaths: 0.
num_space_committed: 370.
num_space_uncommitted: 0.
num_chunks_returned_to_freelist: 0.
num_chunks_taken_from_freelist: 1109.
num_chunk_merges: 0.
num_chunk_splits: 803.
num_chunks_enlarged: 615.
num_inconsistent_stats: 0.

CodeHeap 'non-profiled nmethods': size=120000Kb used=2096Kb max_used=2096Kb free=117903Kb
 bounds [0x0000025d87ad0000, 0x0000025d87d40000, 0x0000025d8f000000]
CodeHeap 'profiled nmethods': size=120000Kb used=10219Kb max_used=10219Kb free=109780Kb
 bounds [0x0000025d805a0000, 0x0000025d80fa0000, 0x0000025d87ad0000]
CodeHeap 'non-nmethods': size=5760Kb used=1213Kb max_used=1276Kb free=4546Kb
 bounds [0x0000025d80000000, 0x0000025d80270000, 0x0000025d805a0000]
 total_blobs=5427 nmethods=4924 adapters=415
 compilation: enabled
              stopped_count=0, restarted_count=0
 full_count=0

Compilation events (20 events):
Event: 11.387 Thread 0x0000025df230edb0 nmethod 4955 0x0000025d80f94690 code [0x0000025d80f94940, 0x0000025d80f957a8]
Event: 11.387 Thread 0x0000025df230edb0 4954   !   3       java.nio.file.FileTreeWalker::visit (204 bytes)
Event: 11.388 Thread 0x0000025df230edb0 nmethod 4954 0x0000025d80f95d10 code [0x0000025d80f96060, 0x0000025d80f97588]
Event: 11.388 Thread 0x0000025df230edb0 4958       3       com.sun.tools.javac.util.Name::isEmpty (13 bytes)
Event: 11.388 Thread 0x0000025df230edb0 nmethod 4958 0x0000025d80f97d10 code [0x0000025d80f97ea0, 0x0000025d80f98018]
Event: 11.389 Thread 0x0000025df230edb0 4957       1       sun.nio.fs.WindowsException::lastError (5 bytes)
Event: 11.389 Thread 0x0000025df230edb0 nmethod 4957 0x0000025d87cdbf10 code [0x0000025d87cdc0a0, 0x0000025d87cdc178]
Event: 11.389 Thread 0x0000025df230edb0 4956       3       java.nio.file.Files::newDirectoryStream (12 bytes)
Event: 11.389 Thread 0x0000025df230edb0 nmethod 4956 0x0000025d80f98110 code [0x0000025d80f982e0, 0x0000025d80f98688]
Event: 11.389 Thread 0x0000025df230edb0 4952       3       com.sun.tools.javac.file.RelativePath::equals (32 bytes)
Event: 11.389 Thread 0x0000025df230edb0 nmethod 4952 0x0000025d80f98810 code [0x0000025d80f989c0, 0x0000025d80f98da8]
Event: 11.389 Thread 0x0000025df230edb0 4959       3       sun.nio.fs.WindowsPath::toWindowsPath (32 bytes)
Event: 11.390 Thread 0x0000025df230edb0 nmethod 4959 0x0000025d80f98e90 code [0x0000025d80f99060, 0x0000025d80f99558]
Event: 11.392 Thread 0x0000025df230edb0 4960       3       com.sun.tools.javac.file.PathFileObject::<init> (42 bytes)
Event: 11.393 Thread 0x0000025df230edb0 nmethod 4960 0x0000025d80f99690 code [0x0000025d80f99880, 0x0000025d80f99de8]
Event: 11.394 Thread 0x0000025df230edb0 4961       3       com.sun.tools.javac.code.Type$ClassType::<init> (11 bytes)
Event: 11.394 Thread 0x0000025df230edb0 nmethod 4961 0x0000025d80f99f90 code [0x0000025d80f9a140, 0x0000025d80f9a288]
Event: 11.394 Thread 0x0000025df230edb0 4962       3       com.sun.tools.javac.code.Type$ClassType::<init> (38 bytes)
Event: 11.394 Thread 0x0000025df230edb0 nmethod 4962 0x0000025d80f9a390 code [0x0000025d80f9a580, 0x0000025d80f9aba8]
Event: 11.394 Thread 0x0000025df230edb0 4963       3       com.sun.tools.javac.code.Symbol$ClassSymbol::<init> (29 bytes)

GC Heap History (19 events):
Event: 3.466 GC heap before
{Heap before GC invocations=0 (full 0):
 garbage-first heap   total 63488K, used 12288K [0x00000000c2000000, 0x0000000100000000)
  region size 1024K, 13 young (13312K), 0 survivors (0K)
 Metaspace       used 3830K, committed 3968K, reserved 1114112K
  class space    used 381K, committed 448K, reserved 1048576K
}
Event: 3.476 GC heap after
{Heap after GC invocations=1 (full 0):
 garbage-first heap   total 63488K, used 3778K [0x00000000c2000000, 0x0000000100000000)
  region size 1024K, 2 young (2048K), 2 survivors (2048K)
 Metaspace       used 3830K, committed 3968K, reserved 1114112K
  class space    used 381K, committed 448K, reserved 1048576K
}
Event: 3.791 GC heap before
{Heap before GC invocations=1 (full 0):
 garbage-first heap   total 63488K, used 15042K [0x00000000c2000000, 0x0000000100000000)
  region size 1024K, 14 young (14336K), 2 survivors (2048K)
 Metaspace       used 5474K, committed 5632K, reserved 1114112K
  class space    used 623K, committed 704K, reserved 1048576K
}
Event: 3.798 GC heap after
{Heap after GC invocations=2 (full 0):
 garbage-first heap   total 63488K, used 4521K [0x00000000c2000000, 0x0000000100000000)
  region size 1024K, 1 young (1024K), 1 survivors (1024K)
 Metaspace       used 5474K, committed 5632K, reserved 1114112K
  class space    used 623K, committed 704K, reserved 1048576K
}
Event: 4.565 GC heap before
{Heap before GC invocations=2 (full 0):
 garbage-first heap   total 63488K, used 28073K [0x00000000c2000000, 0x0000000100000000)
  region size 1024K, 25 young (25600K), 1 survivors (1024K)
 Metaspace       used 9607K, committed 9728K, reserved 1114112K
  class space    used 1135K, committed 1216K, reserved 1048576K
}
Event: 4.572 GC heap after
{Heap after GC invocations=3 (full 0):
 garbage-first heap   total 63488K, used 5763K [0x00000000c2000000, 0x0000000100000000)
  region size 1024K, 2 young (2048K), 2 survivors (2048K)
 Metaspace       used 9607K, committed 9728K, reserved 1114112K
  class space    used 1135K, committed 1216K, reserved 1048576K
}
Event: 5.853 GC heap before
{Heap before GC invocations=3 (full 0):
 garbage-first heap   total 63488K, used 41603K [0x00000000c2000000, 0x0000000100000000)
  region size 1024K, 37 young (37888K), 2 survivors (2048K)
 Metaspace       used 13195K, committed 13504K, reserved 1114112K
  class space    used 1490K, committed 1664K, reserved 1048576K
}
Event: 5.872 GC heap after
{Heap after GC invocations=4 (full 0):
 garbage-first heap   total 63488K, used 10156K [0x00000000c2000000, 0x0000000100000000)
  region size 1024K, 5 young (5120K), 5 survivors (5120K)
 Metaspace       used 13195K, committed 13504K, reserved 1114112K
  class space    used 1490K, committed 1664K, reserved 1048576K
}
Event: 6.607 GC heap before
{Heap before GC invocations=4 (full 0):
 garbage-first heap   total 63488K, used 41900K [0x00000000c2000000, 0x0000000100000000)
  region size 1024K, 36 young (36864K), 5 survivors (5120K)
 Metaspace       used 13540K, committed 13888K, reserved 1114112K
  class space    used 1504K, committed 1664K, reserved 1048576K
}
Event: 6.627 GC heap after
{Heap after GC invocations=5 (full 0):
 garbage-first heap   total 63488K, used 13690K [0x00000000c2000000, 0x0000000100000000)
  region size 1024K, 4 young (4096K), 4 survivors (4096K)
 Metaspace       used 13540K, committed 13888K, reserved 1114112K
  class space    used 1504K, committed 1664K, reserved 1048576K
}
Event: 8.158 GC heap before
{Heap before GC invocations=5 (full 0):
 garbage-first heap   total 63488K, used 46458K [0x00000000c2000000, 0x0000000100000000)
  region size 1024K, 29 young (29696K), 4 survivors (4096K)
 Metaspace       used 14887K, committed 15168K, reserved 1114112K
  class space    used 1616K, committed 1792K, reserved 1048576K
}
Event: 8.168 GC heap after
{Heap after GC invocations=6 (full 0):
 garbage-first heap   total 63488K, used 22977K [0x00000000c2000000, 0x0000000100000000)
  region size 1024K, 2 young (2048K), 2 survivors (2048K)
 Metaspace       used 14887K, committed 15168K, reserved 1114112K
  class space    used 1616K, committed 1792K, reserved 1048576K
}
Event: 8.171 GC heap before
{Heap before GC invocations=6 (full 0):
 garbage-first heap   total 63488K, used 35265K [0x00000000c2000000, 0x0000000100000000)
  region size 1024K, 3 young (3072K), 2 survivors (2048K)
 Metaspace       used 14887K, committed 15168K, reserved 1114112K
  class space    used 1616K, committed 1792K, reserved 1048576K
}
Event: 8.175 GC heap after
{Heap after GC invocations=7 (full 0):
 garbage-first heap   total 63488K, used 35152K [0x00000000c2000000, 0x0000000100000000)
  region size 1024K, 2 young (2048K), 2 survivors (2048K)
 Metaspace       used 14887K, committed 15168K, reserved 1114112K
  class space    used 1616K, committed 1792K, reserved 1048576K
}
Event: 9.212 GC heap before
{Heap before GC invocations=8 (full 0):
 garbage-first heap   total 83968K, used 62800K [0x00000000c2000000, 0x0000000100000000)
  region size 1024K, 17 young (17408K), 2 survivors (2048K)
 Metaspace       used 17158K, committed 17472K, reserved 1114112K
  class space    used 1856K, committed 1984K, reserved 1048576K
}
Event: 9.218 GC heap after
{Heap after GC invocations=9 (full 0):
 garbage-first heap   total 83968K, used 15585K [0x00000000c2000000, 0x0000000100000000)
  region size 1024K, 3 young (3072K), 3 survivors (3072K)
 Metaspace       used 17158K, committed 17472K, reserved 1114112K
  class space    used 1856K, committed 1984K, reserved 1048576K
}
Event: 9.255 GC heap before
{Heap before GC invocations=9 (full 0):
 garbage-first heap   total 83968K, used 15585K [0x00000000c2000000, 0x0000000100000000)
  region size 1024K, 4 young (4096K), 3 survivors (3072K)
 Metaspace       used 17174K, committed 17472K, reserved 1114112K
  class space    used 1856K, committed 1984K, reserved 1048576K
}
Event: 9.263 GC heap after
{Heap after GC invocations=10 (full 0):
 garbage-first heap   total 83968K, used 15595K [0x00000000c2000000, 0x0000000100000000)
  region size 1024K, 1 young (1024K), 1 survivors (1024K)
 Metaspace       used 17174K, committed 17472K, reserved 1114112K
  class space    used 1856K, committed 1984K, reserved 1048576K
}
Event: 11.395 GC heap before
{Heap before GC invocations=10 (full 0):
 garbage-first heap   total 83968K, used 64747K [0x00000000c2000000, 0x0000000100000000)
  region size 1024K, 48 young (49152K), 1 survivors (1024K)
 Metaspace       used 23295K, committed 23680K, reserved 1114112K
  class space    used 2567K, committed 2752K, reserved 1048576K
}

Deoptimization events (20 events):
Event: 11.310 Thread 0x0000025df22524b0 Uncommon trap: trap_request=0xffffffde fr.pc=0x0000025d87cc0e64 relative=0x0000000000000064
Event: 11.310 Thread 0x0000025df22524b0 Uncommon trap: reason=class_check action=maybe_recompile pc=0x0000025d87cc0e64 method=java.nio.file.Files$AcceptAllFilter.accept(Ljava/lang/Object;)Z @ 2 c2
Event: 11.310 Thread 0x0000025df22524b0 DEOPT PACKING pc=0x0000025d87cc0e64 sp=0x000000b7f7dfcf20
Event: 11.310 Thread 0x0000025df22524b0 DEOPT UNPACKING pc=0x0000025d800523a3 sp=0x000000b7f7dfceb8 mode 2
Event: 11.310 Thread 0x0000025df22524b0 Uncommon trap: trap_request=0xffffffde fr.pc=0x0000025d87cc0e64 relative=0x0000000000000064
Event: 11.310 Thread 0x0000025df22524b0 Uncommon trap: reason=class_check action=maybe_recompile pc=0x0000025d87cc0e64 method=java.nio.file.Files$AcceptAllFilter.accept(Ljava/lang/Object;)Z @ 2 c2
Event: 11.310 Thread 0x0000025df22524b0 DEOPT PACKING pc=0x0000025d87cc0e64 sp=0x000000b7f7dfcf20
Event: 11.310 Thread 0x0000025df22524b0 DEOPT UNPACKING pc=0x0000025d800523a3 sp=0x000000b7f7dfceb8 mode 2
Event: 11.310 Thread 0x0000025df22524b0 Uncommon trap: trap_request=0xffffffde fr.pc=0x0000025d87cc0e64 relative=0x0000000000000064
Event: 11.310 Thread 0x0000025df22524b0 Uncommon trap: reason=class_check action=maybe_recompile pc=0x0000025d87cc0e64 method=java.nio.file.Files$AcceptAllFilter.accept(Ljava/lang/Object;)Z @ 2 c2
Event: 11.310 Thread 0x0000025df22524b0 DEOPT PACKING pc=0x0000025d87cc0e64 sp=0x000000b7f7dfcf20
Event: 11.310 Thread 0x0000025df22524b0 DEOPT UNPACKING pc=0x0000025d800523a3 sp=0x000000b7f7dfceb8 mode 2
Event: 11.381 Thread 0x0000025df22524b0 Uncommon trap: trap_request=0xffffff45 fr.pc=0x0000025d87cc00f8 relative=0x0000000000000538
Event: 11.381 Thread 0x0000025df22524b0 Uncommon trap: reason=unstable_if action=reinterpret pc=0x0000025d87cc00f8 method=java.nio.file.FileTreeWalker.visit(Ljava/nio/file/Path;ZZ)Ljava/nio/file/FileTreeWalker$Event; @ 84 c2
Event: 11.381 Thread 0x0000025df22524b0 DEOPT PACKING pc=0x0000025d87cc00f8 sp=0x000000b7f7dfc980
Event: 11.382 Thread 0x0000025df22524b0 DEOPT UNPACKING pc=0x0000025d800523a3 sp=0x000000b7f7dfc940 mode 2
Event: 11.382 Thread 0x0000025df22524b0 Uncommon trap: trap_request=0xffffff45 fr.pc=0x0000025d87ccf2e4 relative=0x0000000000000aa4
Event: 11.382 Thread 0x0000025df22524b0 Uncommon trap: reason=unstable_if action=reinterpret pc=0x0000025d87ccf2e4 method=java.nio.file.FileTreeWalker.visit(Ljava/nio/file/Path;ZZ)Ljava/nio/file/FileTreeWalker$Event; @ 53 c2
Event: 11.382 Thread 0x0000025df22524b0 DEOPT PACKING pc=0x0000025d87ccf2e4 sp=0x000000b7f7dfca00
Event: 11.382 Thread 0x0000025df22524b0 DEOPT UNPACKING pc=0x0000025d800523a3 sp=0x000000b7f7dfc920 mode 2

Classes loaded (20 events):
Event: 11.305 Loading class java/util/stream/Node$OfPrimitive
Event: 11.305 Loading class java/util/stream/Node$OfPrimitive done
Event: 11.305 Loading class java/util/stream/Node$OfInt done
Event: 11.305 Loading class java/util/stream/Nodes$EmptyNode$OfInt done
Event: 11.305 Loading class java/util/stream/Nodes$EmptyNode$OfLong
Event: 11.305 Loading class java/util/stream/Node$OfLong
Event: 11.305 Loading class java/util/stream/Node$OfLong done
Event: 11.306 Loading class java/util/stream/Nodes$EmptyNode$OfLong done
Event: 11.306 Loading class java/util/stream/Nodes$EmptyNode$OfDouble
Event: 11.306 Loading class java/util/stream/Node$OfDouble
Event: 11.306 Loading class java/util/stream/Node$OfDouble done
Event: 11.306 Loading class java/util/stream/Nodes$EmptyNode$OfDouble done
Event: 11.306 Loading class java/util/stream/Nodes$SpinedNodeBuilder
Event: 11.306 Loading class java/util/stream/Node$Builder
Event: 11.306 Loading class java/util/stream/Node$Builder done
Event: 11.306 Loading class java/util/stream/Nodes$SpinedNodeBuilder done
Event: 11.308 Loading class sun/nio/fs/WindowsPath$WindowsPathWithAttributes
Event: 11.309 Loading class sun/nio/fs/WindowsPath$WindowsPathWithAttributes done
Event: 11.381 Loading class java/nio/file/FileTreeWalker$1
Event: 11.381 Loading class java/nio/file/FileTreeWalker$1 done

Classes unloaded (0 events):
No events

Classes redefined (0 events):
No events

Internal exceptions (20 events):
Event: 11.388 Thread 0x0000025df22524b0 Exception <a 'sun/nio/fs/WindowsException'{0x00000000c42caad8}> (0x00000000c42caad8) 
thrown [s\open\src\hotspot\share\prims\jni.cpp, line 516]
Event: 11.388 Thread 0x0000025df22524b0 Exception <a 'sun/nio/fs/WindowsException'{0x00000000c42cad10}> (0x00000000c42cad10) 
thrown [s\open\src\hotspot\share\prims\jni.cpp, line 516]
Event: 11.388 Thread 0x0000025df22524b0 Exception <a 'sun/nio/fs/WindowsException'{0x00000000c42cc138}> (0x00000000c42cc138) 
thrown [s\open\src\hotspot\share\prims\jni.cpp, line 516]
Event: 11.388 Thread 0x0000025df22524b0 Exception <a 'sun/nio/fs/WindowsException'{0x00000000c42cc438}> (0x00000000c42cc438) 
thrown [s\open\src\hotspot\share\prims\jni.cpp, line 516]
Event: 11.389 Thread 0x0000025df22524b0 Exception <a 'sun/nio/fs/WindowsException'{0x00000000c42ce408}> (0x00000000c42ce408) 
thrown [s\open\src\hotspot\share\prims\jni.cpp, line 516]
Event: 11.389 Thread 0x0000025df22524b0 Exception <a 'sun/nio/fs/WindowsException'{0x00000000c42ce698}> (0x00000000c42ce698) 
thrown [s\open\src\hotspot\share\prims\jni.cpp, line 516]
Event: 11.389 Thread 0x0000025df22524b0 Exception <a 'sun/nio/fs/WindowsException'{0x00000000c42cfa30}> (0x00000000c42cfa30) 
thrown [s\open\src\hotspot\share\prims\jni.cpp, line 516]
Event: 11.389 Thread 0x0000025df22524b0 Exception <a 'sun/nio/fs/WindowsException'{0x00000000c42cfca0}> (0x00000000c42cfca0) 
thrown [s\open\src\hotspot\share\prims\jni.cpp, line 516]
Event: 11.389 Thread 0x0000025df22524b0 Exception <a 'sun/nio/fs/WindowsException'{0x00000000c42d1ea0}> (0x00000000c42d1ea0) 
thrown [s\open\src\hotspot\share\prims\jni.cpp, line 516]
Event: 11.389 Thread 0x0000025df22524b0 Exception <a 'sun/nio/fs/WindowsException'{0x00000000c42d20c0}> (0x00000000c42d20c0) 
thrown [s\open\src\hotspot\share\prims\jni.cpp, line 516]
Event: 11.390 Thread 0x0000025df22524b0 Exception <a 'sun/nio/fs/WindowsException'{0x00000000c42d3660}> (0x00000000c42d3660) 
thrown [s\open\src\hotspot\share\prims\jni.cpp, line 516]
Event: 11.390 Thread 0x0000025df22524b0 Exception <a 'sun/nio/fs/WindowsException'{0x00000000c42d38c8}> (0x00000000c42d38c8) 
thrown [s\open\src\hotspot\share\prims\jni.cpp, line 516]
Event: 11.390 Thread 0x0000025df22524b0 Exception <a 'sun/nio/fs/WindowsException'{0x00000000c42d4d20}> (0x00000000c42d4d20) 
thrown [s\open\src\hotspot\share\prims\jni.cpp, line 516]
Event: 11.390 Thread 0x0000025df22524b0 Exception <a 'sun/nio/fs/WindowsException'{0x00000000c42d5050}> (0x00000000c42d5050) 
thrown [s\open\src\hotspot\share\prims\jni.cpp, line 516]
Event: 11.391 Thread 0x0000025df22524b0 Exception <a 'sun/nio/fs/WindowsException'{0x00000000c42d72a0}> (0x00000000c42d72a0) 
thrown [s\open\src\hotspot\share\prims\jni.cpp, line 516]
Event: 11.391 Thread 0x0000025df22524b0 Exception <a 'sun/nio/fs/WindowsException'{0x00000000c42d7540}> (0x00000000c42d7540) 
thrown [s\open\src\hotspot\share\prims\jni.cpp, line 516]
Event: 11.391 Thread 0x0000025df22524b0 Exception <a 'sun/nio/fs/WindowsException'{0x00000000c42d8390}> (0x00000000c42d8390) 
thrown [s\open\src\hotspot\share\prims\jni.cpp, line 516]
Event: 11.391 Thread 0x0000025df22524b0 Exception <a 'sun/nio/fs/WindowsException'{0x00000000c42d8618}> (0x00000000c42d8618) 
thrown [s\open\src\hotspot\share\prims\jni.cpp, line 516]
Event: 11.393 Thread 0x0000025df22524b0 Exception <a 'sun/nio/fs/WindowsException'{0x00000000c42edfa8}> (0x00000000c42edfa8) 
thrown [s\open\src\hotspot\share\prims\jni.cpp, line 516]
Event: 11.393 Thread 0x0000025df22524b0 Exception <a 'sun/nio/fs/WindowsException'{0x00000000c42ee1e0}> (0x00000000c42ee1e0) 
thrown [s\open\src\hotspot\share\prims\jni.cpp, line 516]

VM Operations (20 events):
Event: 9.263 Executing VM operation: G1CollectForAllocation done
Event: 9.751 Executing VM operation: HandshakeAllThreads
Event: 9.751 Executing VM operation: HandshakeAllThreads done
Event: 10.033 Executing VM operation: HandshakeAllThreads
Event: 10.033 Executing VM operation: HandshakeAllThreads done
Event: 10.267 Executing VM operation: HandshakeAllThreads
Event: 10.267 Executing VM operation: HandshakeAllThreads done
Event: 10.267 Executing VM operation: Cleanup
Event: 10.267 Executing VM operation: Cleanup done
Event: 10.267 Executing VM operation: HandshakeAllThreads
Event: 10.267 Executing VM operation: HandshakeAllThreads done
Event: 10.272 Executing VM operation: HandshakeAllThreads
Event: 10.272 Executing VM operation: HandshakeAllThreads done
Event: 10.364 Executing VM operation: HandshakeAllThreads
Event: 10.364 Executing VM operation: HandshakeAllThreads done
Event: 11.309 Executing VM operation: HandshakeAllThreads
Event: 11.309 Executing VM operation: HandshakeAllThreads done
Event: 11.309 Executing VM operation: Cleanup
Event: 11.310 Executing VM operation: Cleanup done
Event: 11.394 Executing VM operation: G1CollectForAllocation

Events (20 events):
Event: 0.075 Thread 0x0000025df22f59f0 Thread added: 0x0000025df22f59f0
Event: 0.108 Thread 0x0000025df2309d80 Thread added: 0x0000025df2309d80
Event: 0.108 Thread 0x0000025df230a630 Thread added: 0x0000025df230a630
Event: 0.108 Thread 0x0000025df230aee0 Thread added: 0x0000025df230aee0
Event: 0.108 Thread 0x0000025df230b790 Thread added: 0x0000025df230b790
Event: 0.109 Thread 0x0000025df230c370 Thread added: 0x0000025df230c370
Event: 0.110 Thread 0x0000025df230edb0 Thread added: 0x0000025df230edb0
Event: 0.111 Thread 0x0000025dfe4f5f10 Thread added: 0x0000025dfe4f5f10
Event: 0.194 Thread 0x0000025dfe4bc0d0 Thread added: 0x0000025dfe4bc0d0
Event: 0.253 Loaded shared library C:\Program Files\Java\jdk-18.0.1.1\bin\zip.dll
Event: 0.259 Loaded shared library C:\Program Files\Java\jdk-18.0.1.1\bin\instrument.dll
Event: 0.276 Loaded shared library C:\Program Files\Java\jdk-18.0.1.1\bin\net.dll
Event: 0.279 Loaded shared library C:\Program Files\Java\jdk-18.0.1.1\bin\nio.dll
Event: 0.287 Loaded shared library C:\Program Files\Java\jdk-18.0.1.1\bin\zip.dll
Event: 0.325 Loaded shared library C:\Program Files\JetBrains\IntelliJ IDEA Community Edition 2022.3.1\bin\breakgen64.dll
Event: 0.326 Thread 0x0000025dfe78f580 Thread added: 0x0000025dfe78f580
Event: 0.327 Thread 0x0000025dfe78fa40 Thread added: 0x0000025dfe78fa40
Event: 0.646 Loaded shared library C:\Program Files\Java\jdk-18.0.1.1\bin\jimage.dll
Event: 0.709 Loaded shared library C:\Users\ACER\AppData\Local\Temp\jansi-2.4.0-a2a5ffd75986336b-jansi.dll
Event: 0.751 Loaded shared library C:\Program Files\Java\jdk-18.0.1.1\bin\verify.dll


Dynamic libraries:
0x00007ff693320000 - 0x00007ff693330000 	C:\Program Files\Java\jdk-18.0.1.1\bin\java.exe
0x00007ffbd0930000 - 0x00007ffbd0b28000 	C:\Windows\SYSTEM32\ntdll.dll
0x00007ffbd0800000 - 0x00007ffbd08bf000 	C:\Windows\System32\KERNEL32.DLL
0x00007ffbce130000 - 0x00007ffbce426000 	C:\Windows\System32\KERNELBASE.dll
0x00007ffbce800000 - 0x00007ffbce900000 	C:\Windows\System32\ucrtbase.dll
0x00007ffbc6f30000 - 0x00007ffbc6f4a000 	C:\Program Files\Java\jdk-18.0.1.1\bin\VCRUNTIME140.dll
0x00007ffbc6cc0000 - 0x00007ffbc6cd8000 	C:\Program Files\Java\jdk-18.0.1.1\bin\jli.dll
0x00007ffbd0370000 - 0x00007ffbd041f000 	C:\Windows\System32\ADVAPI32.dll
0x00007ffbce9f0000 - 0x00007ffbcea8e000 	C:\Windows\System32\msvcrt.dll
0x00007ffbcfb60000 - 0x00007ffbcfbfc000 	C:\Windows\System32\sechost.dll
0x00007ffbcf240000 - 0x00007ffbcf366000 	C:\Windows\System32\RPCRT4.dll
0x00007ffbcee70000 - 0x00007ffbcf00d000 	C:\Windows\System32\USER32.dll
0x00007ffba6700000 - 0x00007ffba699a000 	C:\Windows\WinSxS\amd64_microsoft.windows.common-controls_6595b64144ccf1df_6.0.19041.1110_none_60b5254171f9507e\COMCTL32.dll
0x00007ffbce430000 - 0x00007ffbce452000 	C:\Windows\System32\win32u.dll
0x00007ffbd08c0000 - 0x00007ffbd08ec000 	C:\Windows\System32\GDI32.dll
0x00007ffbce010000 - 0x00007ffbce125000 	C:\Windows\System32\gdi32full.dll
0x00007ffbce460000 - 0x00007ffbce4fd000 	C:\Windows\System32\msvcp_win.dll
0x00007ffbc6840000 - 0x00007ffbc684a000 	C:\Windows\SYSTEM32\VERSION.dll
0x00007ffbcfb30000 - 0x00007ffbcfb60000 	C:\Windows\System32\IMM32.DLL
0x00007ffbc97c0000 - 0x00007ffbc97cc000 	C:\Program Files\Java\jdk-18.0.1.1\bin\vcruntime140_1.dll
0x00007ffbc1720000 - 0x00007ffbc17ad000 	C:\Program Files\Java\jdk-18.0.1.1\bin\msvcp140.dll
0x00007ffb78d90000 - 0x00007ffb799a0000 	C:\Program Files\Java\jdk-18.0.1.1\bin\server\jvm.dll
0x00007ffbcf860000 - 0x00007ffbcf868000 	C:\Windows\System32\PSAPI.DLL
0x00007ffbaa6f0000 - 0x00007ffbaa717000 	C:\Windows\SYSTEM32\WINMM.dll
0x00007ffbb6920000 - 0x00007ffbb6929000 	C:\Windows\SYSTEM32\WSOCK32.dll
0x00007ffbd0420000 - 0x00007ffbd048b000 	C:\Windows\System32\WS2_32.dll
0x00007ffbcbed0000 - 0x00007ffbcbee2000 	C:\Windows\SYSTEM32\kernel.appcore.dll
0x00007ffbc90b0000 - 0x00007ffbc90ba000 	C:\Program Files\Java\jdk-18.0.1.1\bin\jimage.dll
0x00007ffbb6710000 - 0x00007ffbb68f4000 	C:\Windows\SYSTEM32\DBGHELP.DLL
0x00007ffbb6460000 - 0x00007ffbb6494000 	C:\Windows\SYSTEM32\dbgcore.DLL
0x00007ffbce900000 - 0x00007ffbce982000 	C:\Windows\System32\bcryptPrimitives.dll
0x00007ffbc9c90000 - 0x00007ffbc9c9e000 	C:\Program Files\Java\jdk-18.0.1.1\bin\instrument.dll
0x00007ffbc6310000 - 0x00007ffbc6335000 	C:\Program Files\Java\jdk-18.0.1.1\bin\java.dll
0x00007ffb9a800000 - 0x00007ffb9a8d6000 	C:\Program Files\Java\jdk-18.0.1.1\bin\jsvml.dll
0x00007ffbcfc00000 - 0x00007ffbd0344000 	C:\Windows\System32\SHELL32.dll
0x00007ffbcc0d0000 - 0x00007ffbcc863000 	C:\Windows\SYSTEM32\windows.storage.dll
0x00007ffbd0490000 - 0x00007ffbd07e4000 	C:\Windows\System32\combase.dll
0x00007ffbcda70000 - 0x00007ffbcda9e000 	C:\Windows\SYSTEM32\Wldp.dll
0x00007ffbcf9a0000 - 0x00007ffbcfa4d000 	C:\Windows\System32\SHCORE.dll
0x00007ffbcf1e0000 - 0x00007ffbcf235000 	C:\Windows\System32\shlwapi.dll
0x00007ffbcdf50000 - 0x00007ffbcdf6f000 	C:\Windows\SYSTEM32\profapi.dll
0x00007ffbc3090000 - 0x00007ffbc30a8000 	C:\Program Files\Java\jdk-18.0.1.1\bin\zip.dll
0x00007ffbc4330000 - 0x00007ffbc4343000 	C:\Program Files\Java\jdk-18.0.1.1\bin\net.dll
0x00007ffbc3720000 - 0x00007ffbc382a000 	C:\Windows\SYSTEM32\WINHTTP.dll
0x00007ffbcd7d0000 - 0x00007ffbcd83a000 	C:\Windows\system32\mswsock.dll
0x00007ffbc3170000 - 0x00007ffbc3186000 	C:\Program Files\Java\jdk-18.0.1.1\bin\nio.dll
0x00007ffbc1a10000 - 0x00007ffbc1a2a000 	C:\Program Files\JetBrains\IntelliJ IDEA Community Edition 2022.3.1\bin\breakgen64.dll
0x0000000069ac0000 - 0x0000000069ae4000 	C:\Users\ACER\AppData\Local\Temp\jansi-2.4.0-a2a5ffd75986336b-jansi.dll
0x00007ffbc6fe0000 - 0x00007ffbc6ff0000 	C:\Program Files\Java\jdk-18.0.1.1\bin\verify.dll

dbghelp: loaded successfully - version: 4.0.5 - missing functions: none
symbol engine: initialized successfully - sym options: 0x614 - pdb path: .;C:\Program Files\Java\jdk-18.0.1.1\bin;C:\Windows\SYSTEM32;C:\Windows\WinSxS\amd64_microsoft.windows.common-controls_6595b64144ccf1df_6.0.19041.1110_none_60b5254171f9507e;C:\Program Files\Java\jdk-18.0.1.1\bin\server;C:\Program Files\JetBrains\IntelliJ IDEA Community Edition 2022.3.1\bin;C:\Users\ACER\AppData\Local\Temp

VM Arguments:
jvm_args: -Dmaven.multiModuleProjectDirectory=G:\EAD2\Pizza_Creed -Djansi.passthrough=true -Dmaven.home=C:\Users\ACER\.m2\wrapper\dists\apache-maven-3.8.7-bin\1ktonn2lleg549uah6ngl1r74r\apache-maven-3.8.7 -Dclassworlds.conf=C:\Users\ACER\.m2\wrapper\dists\apache-maven-3.8.7-bin\1ktonn2lleg549uah6ngl1r74r\apache-maven-3.8.7\bin\m2.conf -Dmaven.ext.class.path=C:\Program Files\JetBrains\IntelliJ IDEA Community Edition 2022.3.1\plugins\maven\lib\maven-event-listener.jar -javaagent:C:\Program Files\JetBrains\IntelliJ IDEA Community Edition 2022.3.1\lib\idea_rt.jar=62537:C:\Program Files\JetBrains\IntelliJ IDEA Community Edition 2022.3.1\bin -Dfile.encoding=UTF-8 -Dsun.stdout.encoding=UTF-8 -Dsun.stderr.encoding=UTF-8 
java_command: org.codehaus.classworlds.Launcher -Didea.version=2022.3.1 -DskipTests=true package
java_class_path (initial): C:\Users\ACER\.m2\wrapper\dists\apache-maven-3.8.7-bin\1ktonn2lleg549uah6ngl1r74r\apache-maven-3.8.7\boot\plexus-classworlds-2.6.0.jar;C:\Users\ACER\.m2\wrapper\dists\apache-maven-3.8.7-bin\1ktonn2lleg549uah6ngl1r74r\apache-maven-3.8.7\boot\plexus-classworlds.license
Launcher Type: SUN_STANDARD

[Global flags]
     intx CICompilerCount                          = 3                                         {product} {ergonomic}
     uint ConcGCThreads                            = 1                                         {product} {ergonomic}
     uint G1ConcRefinementThreads                  = 4                                         {product} {ergonomic}
   size_t G1HeapRegionSize                         = 1048576                                   {product} {ergonomic}
    uintx GCDrainStackTargetSize                   = 64                                        {product} {ergonomic}
   size_t InitialHeapSize                          = 65011712                                  {product} {ergonomic}
   size_t MarkStackSize                            = 4194304                                   {product} {ergonomic}
   size_t MaxHeapSize                              = 1040187392                                {product} {ergonomic}
   size_t MaxNewSize                               = 623902720                                 {product} {ergonomic}
   size_t MinHeapDeltaBytes                        = 1048576                                   {product} {ergonomic}
   size_t MinHeapSize                              = 8388608                                   {product} {ergonomic}
    uintx NonNMethodCodeHeapSize                   = 5832780                                {pd product} {ergonomic}
    uintx NonProfiledCodeHeapSize                  = 122912730                              {pd product} {ergonomic}
    uintx ProfiledCodeHeapSize                     = 122912730                              {pd product} {ergonomic}
    uintx ReservedCodeCacheSize                    = 251658240                              {pd product} {ergonomic}
     bool SegmentedCodeCache                       = true                                      {product} {ergonomic}
   size_t SoftMaxHeapSize                          = 1040187392                             {manageable} {ergonomic}
     bool UseCompressedClassPointers               = true                           {product lp64_product} {ergonomic}
     bool UseCompressedOops                        = true                           {product lp64_product} {ergonomic}
     bool UseG1GC                                  = true                                      {product} {ergonomic}
     bool UseLargePagesIndividualAllocation        = false                                  {pd product} {ergonomic}

Logging:
Log output configuration:
 #0: stdout all=warning uptime,level,tags foldmultilines=false
 #1: stderr all=off uptime,level,tags foldmultilines=false

Environment Variables:
JAVA_HOME=C:\Program Files\Java\jdk-18.0.1.1
PATH=C:\Users\ACER\Desktop\ora\bin;C:\app\ACER\product\21c\dbhomeXE\bin;C:\Program Files\Common Files\Oracle\Java\javapath;C:\Program Files\Microsoft\jdk-11.0.12.7-hotspot\bin;C:\Windows\system32;C:\Windows;C:\Windows\System32\Wbem;C:\Windows\System32\WindowsPowerShell\v1.0\;C:\Windows\System32\OpenSSH\;C:\Program Files\Microsoft SQL Server\150\Tools\Binn\;C:\Program Files\Microsoft SQL Server\Client SDK\ODBC\170\Tools\Binn\;C:\Program Files\dotnet\;C:\Program Files (x86)\Microsoft SQL Server\150\Tools\Binn\;C:\Program Files\Microsoft SQL Server\150\DTS\Binn\;C:\Program Files (x86)\Microsoft SQL Server\150\DTS\Binn\;C:\Program Files\Azure Data Studio\bin;C:\Program Files\Java\jdk-18.0.1.1\bin;C:\Users\ACER\AppData\Local\Microsoft\WindowsApps;C:\Users\ACER\.dotnet\tools;C:\Program Files\Azure Data Studio\bin;C:\Users\ACER\AppData\Local\Programs\Microsoft VS Code\bin
USERNAME=ACER
OS=Windows_NT
PROCESSOR_IDENTIFIER=Intel64 Family 6 Model 78 Stepping 3, GenuineIntel



---------------  S Y S T E M  ---------------

OS:
 Windows 10 , 64 bit Build 19041 (10.0.19041.2913)
OS uptime: 6 days 12:31 hours

CPU: total 4 (initial active 4) (2 cores per cpu, 2 threads per core) family 6 model 78 stepping 3 microcode 0xcc, cx8, cmov, fxsr, ht, mmx, 3dnowpref, sse, sse2, sse3, ssse3, sse4.1, sse4.2, popcnt, lzcnt, tsc, tscinvbit, avx, avx2, aes, erms, clmul, bmi1, bmi2, adx, fma, vzeroupper, clflush, clflushopt

Memory: 4k page, system-wide physical 3962M (295M free)
TotalPageFile size 16250M (AvailPageFile size 5M)
current process WorkingSet (physical memory assigned to process): 187M, peak: 187M
current process commit charge ("private bytes"): 213M, peak: 265M

vm_info: Java HotSpot(TM) 64-Bit Server VM (18.0.1.1+2-6) for windows-amd64 JRE (18.0.1.1+2-6), built on Apr 25 2022 21:53:15 by "mach5one" with MS VC++ 16.8 / 16.9 (VS2019)

END.
