#
# There is insufficient memory for the Java Runtime Environment to continue.
# Native memory allocation (malloc) failed to allocate 1016016 bytes for Chunk::new
# Possible reasons:
#   The system is out of physical RAM or swap space
#   The process is running with CompressedOops enabled, and the Java Heap may be blocking the growth of the native heap
# Possible solutions:
#   Reduce memory load on the system
#   Increase physical memory or swap space
#   Check if swap backing store is full
#   Decrease Java heap size (-Xmx/-Xms)
#   Decrease number of Java threads
#   Decrease Java thread stack sizes (-Xss)
#   Set larger code cache with -XX:ReservedCodeCacheSize=
#   JVM is running with Unscaled Compressed Oops mode in which the Java heap is
#     placed in the first 4GB address space. The Java Heap base address is the
#     maximum limit for the native heap growth. Please use -XX:HeapBaseMinAddress
#     to set the Java Heap base and to place the Java Heap above 4GB virtual address.
# This output file may be truncated or incomplete.
#
#  Out of Memory Error (arena.cpp:184), pid=3600, tid=14540
#
# JRE version: Java(TM) SE Runtime Environment (18.0.1.1+2) (build 18.0.1.1+2-6)
# Java VM: Java HotSpot(TM) 64-Bit Server VM (18.0.1.1+2-6, mixed mode, sharing, tiered, compressed oops, compressed class ptrs, g1 gc, windows-amd64)
# No core dump will be written. Minidumps are not enabled by default on client versions of Windows
#

---------------  S U M M A R Y ------------

Command Line: -javaagent:C:\Program Files\JetBrains\IntelliJ IDEA Community Edition 2022.3.1\lib\idea_rt.jar=62553:C:\Program Files\JetBrains\IntelliJ IDEA Community Edition 2022.3.1\bin -Dfile.encoding=UTF-8 -Dsun.stdout.encoding=UTF-8 -Dsun.stderr.encoding=UTF-8 lk.nibm.ead2.web.PizzacreedV2Application

Host: Intel(R) Core(TM) i5-6200U CPU @ 2.30GHz, 4 cores, 3G,  Windows 10 , 64 bit Build 19041 (10.0.19041.2913)
Time: Sat Jun 17 11:44:22 2023 Sri Lanka Standard Time elapsed time: 7.941965 seconds (0d 0h 0m 7s)

---------------  T H R E A D  ---------------

Current thread (0x000001807f97f4d0):  JavaThread "C2 CompilerThread0" daemon [_thread_in_native, id=14540, stack(0x0000000c91d00000,0x0000000c91e00000)]


Current CompileTask:
C2:   7942 4094       4       jdk.internal.loader.BuiltinClassLoader::defineClass (121 bytes)

Stack: [0x0000000c91d00000,0x0000000c91e00000]
Native frames: (J=compiled Java code, j=interpreted, Vv=VM code, C=native code)
V  [jvm.dll+0x69887a]
V  [jvm.dll+0x7f38bd]
V  [jvm.dll+0x7f51ce]
V  [jvm.dll+0x7f5883]
V  [jvm.dll+0x25ca3f]
V  [jvm.dll+0xb8c2f]
V  [jvm.dll+0xb8fa5]
V  [jvm.dll+0x2c794f]
V  [jvm.dll+0x5a05b0]
V  [jvm.dll+0x238398]
V  [jvm.dll+0x2319c5]
V  [jvm.dll+0x22eeeb]
V  [jvm.dll+0x1b9cfc]
V  [jvm.dll+0x23e8ca]
V  [jvm.dll+0x23cbb5]
V  [jvm.dll+0x7a5fb1]
V  [jvm.dll+0x7a03ea]
V  [jvm.dll+0x697725]
C  [ucrtbase.dll+0x21bb2]
C  [KERNEL32.DLL+0x17614]
C  [ntdll.dll+0x526a1]


---------------  P R O C E S S  ---------------

Threads class SMR info:
_java_thread_list=0x00000180206916d0, length=19, elements={
0x000001807f8cbaa0, 0x000001807f965e40, 0x000001807f9669b0, 0x000001807f97cee0,
0x000001807f97d790, 0x000001807f97e040, 0x000001807f97e8f0, 0x000001807f97f4d0,
0x000001801ac249a0, 0x000001801ac36630, 0x000001801f020040, 0x000001801f1a3610,
0x000001801f1a3ad0, 0x00000180201cd580, 0x000001802058b2c0, 0x0000018020ace0b0,
0x000001801fd55c70, 0x000001801fd58c90, 0x000001801fd582f0
}

Java Threads: ( => current thread )
  0x000001807f8cbaa0 JavaThread "main" [_thread_in_native, id=6836, stack(0x0000000c91000000,0x0000000c91100000)]
  0x000001807f965e40 JavaThread "Reference Handler" daemon [_thread_blocked, id=2568, stack(0x0000000c91700000,0x0000000c91800000)]
  0x000001807f9669b0 JavaThread "Finalizer" daemon [_thread_blocked, id=5004, stack(0x0000000c91800000,0x0000000c91900000)]
  0x000001807f97cee0 JavaThread "Signal Dispatcher" daemon [_thread_blocked, id=9888, stack(0x0000000c91900000,0x0000000c91a00000)]
  0x000001807f97d790 JavaThread "Attach Listener" daemon [_thread_blocked, id=3544, stack(0x0000000c91a00000,0x0000000c91b00000)]
  0x000001807f97e040 JavaThread "Service Thread" daemon [_thread_blocked, id=7200, stack(0x0000000c91b00000,0x0000000c91c00000)]
  0x000001807f97e8f0 JavaThread "Monitor Deflation Thread" daemon [_thread_blocked, id=5184, stack(0x0000000c91c00000,0x0000000c91d00000)]
=>0x000001807f97f4d0 JavaThread "C2 CompilerThread0" daemon [_thread_in_native, id=14540, stack(0x0000000c91d00000,0x0000000c91e00000)]
  0x000001801ac249a0 JavaThread "C1 CompilerThread0" daemon [_thread_blocked, id=12928, stack(0x0000000c91e00000,0x0000000c91f00000)]
  0x000001801ac36630 JavaThread "Sweeper thread" daemon [_thread_blocked, id=13200, stack(0x0000000c91f00000,0x0000000c92000000)]
  0x000001801f020040 JavaThread "Common-Cleaner" daemon [_thread_blocked, id=12472, stack(0x0000000c92000000,0x0000000c92100000)]
  0x000001801f1a3610 JavaThread "Monitor Ctrl-Break" daemon [_thread_in_native, id=12580, stack(0x0000000c92100000,0x0000000c92200000)]
  0x000001801f1a3ad0 JavaThread "Notification Thread" daemon [_thread_blocked, id=9984, stack(0x0000000c92200000,0x0000000c92300000)]
  0x00000180201cd580 JavaThread "Catalina-utility-1" [_thread_blocked, id=13400, stack(0x0000000c92700000,0x0000000c92800000)]
  0x000001802058b2c0 JavaThread "Catalina-utility-2" [_thread_blocked, id=1320, stack(0x0000000c92800000,0x0000000c92900000)]
  0x0000018020ace0b0 JavaThread "container-0" [_thread_blocked, id=4388, stack(0x0000000c92900000,0x0000000c92a00000)]
  0x000001801fd55c70 JavaThread "mysql-cj-abandoned-connection-cleanup" daemon [_thread_blocked, id=9176, stack(0x0000000c92a00000,0x0000000c92b00000)]
  0x000001801fd58c90 JavaThread "HikariPool-1 housekeeper" daemon [_thread_blocked, id=14988, stack(0x0000000c92c00000,0x0000000c92d00000)]
  0x000001801fd582f0 JavaThread "HikariPool-1 connection adder" daemon [_thread_blocked, id=7260, stack(0x0000000c92d00000,0x0000000c92e00000)]

Other Threads:
  0x000001807f95fc20 VMThread "VM Thread" [stack: 0x0000000c91600000,0x0000000c91700000] [id=7276]
  0x000001801f1eef20 WatcherThread "VM Periodic Task Thread" [stack: 0x0000000c92300000,0x0000000c92400000] [id=7576]
  0x000001807f90d1c0 WorkerThread "GC Thread#0" [stack: 0x0000000c91100000,0x0000000c91200000] [id=10064]
  0x000001801f5dec60 WorkerThread "GC Thread#1" [stack: 0x0000000c92400000,0x0000000c92500000] [id=13104]
  0x000001801f4623a0 WorkerThread "GC Thread#2" [stack: 0x0000000c92500000,0x0000000c92600000] [id=6172]
  0x000001801f68aa60 WorkerThread "GC Thread#3" [stack: 0x0000000c92600000,0x0000000c92700000] [id=13860]
  0x000001807f916c10 ConcurrentGCThread "G1 Main Marker" [stack: 0x0000000c91200000,0x0000000c91300000] [id=1052]
  0x000001807f917510 WorkerThread "G1 Conc#0" [stack: 0x0000000c91300000,0x0000000c91400000] [id=5584]
  0x000001807f93f0b0 ConcurrentGCThread "G1 Refine#0" [stack: 0x0000000c91400000,0x0000000c91500000] [id=11908]
  0x000001807f9408e0 ConcurrentGCThread "G1 Service" [stack: 0x0000000c91500000,0x0000000c91600000] [id=2616]

Threads with active compile tasks:
C2 CompilerThread0     7997 4094       4       jdk.internal.loader.BuiltinClassLoader::defineClass (121 bytes)

VM state: not at safepoint (normal execution)

VM Mutex/Monitor currently owned by a thread: None

Heap address: 0x00000000c2000000, size: 992 MB, Compressed Oops mode: 32-bit

CDS archive(s) mapped at: [0x0000000800000000-0x0000000800ba0000-0x0000000800ba0000), size 12189696, SharedBaseAddress: 0x0000000800000000, ArchiveRelocationMode: 0.
Compressed class space mapped at: 0x0000000800c00000-0x0000000840c00000, reserved size: 1073741824
Narrow klass base: 0x0000000800000000, Narrow klass shift: 0, Narrow klass range: 0x100000000

GC Precious Log:
 CardTable entry size: 512
 Card Set container configuration: InlinePtr #cards 5 size 8 Array Of Cards #cards 12 size 40 Howl #buckets 4 coarsen threshold 1843 Howl Bitmap #cards 512 size 80 coarsen threshold 460 Card regions per heap region 1 cards per card region 2048
 CPUs: 4 total, 4 available
 Memory: 3962M
 Large Page Support: Disabled
 NUMA Support: Disabled
 Compressed Oops: Enabled (32-bit)
 Heap Region Size: 1M
 Heap Min Capacity: 8M
 Heap Initial Capacity: 62M
 Heap Max Capacity: 992M
 Pre-touch: Disabled
 Parallel Workers: 4
 Concurrent Workers: 1
 Concurrent Refinement Workers: 4
 Periodic GC: Disabled

Heap:
 garbage-first heap   total 48128K, used 21902K [0x00000000c2000000, 0x0000000100000000)
  region size 1024K, 6 young (6144K), 3 survivors (3072K)
 Metaspace       used 41601K, committed 42048K, reserved 1114112K
  class space    used 5420K, committed 5632K, reserved 1048576K

Heap Regions: E=young(eden), S=young(survivor), O=old, HS=humongous(starts), HC=humongous(continues), CS=collection set, F=free, OA=open archive, CA=closed archive, TAMS=top-at-mark-start (previous, next)
|   0|0x00000000c2000000, 0x00000000c2100000, 0x00000000c2100000|100%|HS|  |TAMS 0x00000000c2100000, 0x00000000c2000000| Complete 
|   1|0x00000000c2100000, 0x00000000c2200000, 0x00000000c2200000|100%| O|  |TAMS 0x00000000c2200000, 0x00000000c2100000| Untracked 
|   2|0x00000000c2200000, 0x00000000c2300000, 0x00000000c2300000|100%| O|  |TAMS 0x00000000c2300000, 0x00000000c2200000| Untracked 
|   3|0x00000000c2300000, 0x00000000c2400000, 0x00000000c2400000|100%| O|  |TAMS 0x00000000c2400000, 0x00000000c2300000| Untracked 
|   4|0x00000000c2400000, 0x00000000c2500000, 0x00000000c2500000|100%| O|  |TAMS 0x00000000c2500000, 0x00000000c2400000| Untracked 
|   5|0x00000000c2500000, 0x00000000c2600000, 0x00000000c2600000|100%| O|  |TAMS 0x00000000c2600000, 0x00000000c2500000| Untracked 
|   6|0x00000000c2600000, 0x00000000c2700000, 0x00000000c2700000|100%| O|  |TAMS 0x00000000c2700000, 0x00000000c2600000| Untracked 
|   7|0x00000000c2700000, 0x00000000c2800000, 0x00000000c2800000|100%| O|  |TAMS 0x00000000c2800000, 0x00000000c2700000| Untracked 
|   8|0x00000000c2800000, 0x00000000c28cdc00, 0x00000000c2900000| 80%| O|  |TAMS 0x00000000c28cdc00, 0x00000000c2800000| Untracked 
|   9|0x00000000c2900000, 0x00000000c2a00000, 0x00000000c2a00000|100%| O|  |TAMS 0x00000000c2a00000, 0x00000000c2900000| Untracked 
|  10|0x00000000c2a00000, 0x00000000c2b00000, 0x00000000c2b00000|100%| O|  |TAMS 0x00000000c2b00000, 0x00000000c2a00000| Untracked 
|  11|0x00000000c2b00000, 0x00000000c2c00000, 0x00000000c2c00000|100%| O|  |TAMS 0x00000000c2c00000, 0x00000000c2b00000| Untracked 
|  12|0x00000000c2c00000, 0x00000000c2d00000, 0x00000000c2d00000|100%| O|  |TAMS 0x00000000c2d00000, 0x00000000c2c00000| Untracked 
|  13|0x00000000c2d00000, 0x00000000c2e00000, 0x00000000c2e00000|100%| O|  |TAMS 0x00000000c2e00000, 0x00000000c2d00000| Untracked 
|  14|0x00000000c2e00000, 0x00000000c2f00000, 0x00000000c2f00000|100%| O|  |TAMS 0x00000000c2f00000, 0x00000000c2e00000| Untracked 
|  15|0x00000000c2f00000, 0x00000000c2fb9600, 0x00000000c3000000| 72%| O|  |TAMS 0x00000000c2f00000, 0x00000000c2f00000| Untracked 
|  16|0x00000000c3000000, 0x00000000c3000000, 0x00000000c3100000|  0%| F|  |TAMS 0x00000000c3000000, 0x00000000c3000000| Untracked 
|  17|0x00000000c3100000, 0x00000000c3100000, 0x00000000c3200000|  0%| F|  |TAMS 0x00000000c3100000, 0x00000000c3100000| Untracked 
|  18|0x00000000c3200000, 0x00000000c3200000, 0x00000000c3300000|  0%| F|  |TAMS 0x00000000c3200000, 0x00000000c3200000| Untracked 
|  19|0x00000000c3300000, 0x00000000c3400000, 0x00000000c3400000|100%| O|  |TAMS 0x00000000c33a8400, 0x00000000c3300000| Untracked 
|  20|0x00000000c3400000, 0x00000000c3400000, 0x00000000c3500000|  0%| F|  |TAMS 0x00000000c3400000, 0x00000000c3400000| Untracked 
|  21|0x00000000c3500000, 0x00000000c3500000, 0x00000000c3600000|  0%| F|  |TAMS 0x00000000c3500000, 0x00000000c3500000| Untracked 
|  22|0x00000000c3600000, 0x00000000c3600000, 0x00000000c3700000|  0%| F|  |TAMS 0x00000000c3600000, 0x00000000c3600000| Untracked 
|  23|0x00000000c3700000, 0x00000000c3700000, 0x00000000c3800000|  0%| F|  |TAMS 0x00000000c3700000, 0x00000000c3700000| Untracked 
|  24|0x00000000c3800000, 0x00000000c38dc600, 0x00000000c3900000| 86%| S|CS|TAMS 0x00000000c3800000, 0x00000000c3800000| Complete 
|  25|0x00000000c3900000, 0x00000000c3a00000, 0x00000000c3a00000|100%| S|CS|TAMS 0x00000000c3900000, 0x00000000c3900000| Complete 
|  26|0x00000000c3a00000, 0x00000000c3b00000, 0x00000000c3b00000|100%| S|CS|TAMS 0x00000000c3a00000, 0x00000000c3a00000| Complete 
|  27|0x00000000c3b00000, 0x00000000c3b00000, 0x00000000c3c00000|  0%| F|  |TAMS 0x00000000c3b00000, 0x00000000c3b00000| Untracked 
|  28|0x00000000c3c00000, 0x00000000c3c00000, 0x00000000c3d00000|  0%| F|  |TAMS 0x00000000c3c00000, 0x00000000c3c00000| Untracked 
|  29|0x00000000c3d00000, 0x00000000c3d00000, 0x00000000c3e00000|  0%| F|  |TAMS 0x00000000c3d00000, 0x00000000c3d00000| Untracked 
|  30|0x00000000c3e00000, 0x00000000c3e00000, 0x00000000c3f00000|  0%| F|  |TAMS 0x00000000c3e00000, 0x00000000c3e00000| Untracked 
|  31|0x00000000c3f00000, 0x00000000c3f00000, 0x00000000c4000000|  0%| F|  |TAMS 0x00000000c3f00000, 0x00000000c3f00000| Untracked 
|  32|0x00000000c4000000, 0x00000000c4000000, 0x00000000c4100000|  0%| F|  |TAMS 0x00000000c4000000, 0x00000000c4000000| Untracked 
|  33|0x00000000c4100000, 0x00000000c4100000, 0x00000000c4200000|  0%| F|  |TAMS 0x00000000c4100000, 0x00000000c4100000| Untracked 
|  34|0x00000000c4200000, 0x00000000c4200000, 0x00000000c4300000|  0%| F|  |TAMS 0x00000000c4200000, 0x00000000c4200000| Untracked 
|  35|0x00000000c4300000, 0x00000000c4300000, 0x00000000c4400000|  0%| F|  |TAMS 0x00000000c4300000, 0x00000000c4300000| Untracked 
|  36|0x00000000c4400000, 0x00000000c4400000, 0x00000000c4500000|  0%| F|  |TAMS 0x00000000c4400000, 0x00000000c4400000| Untracked 
|  37|0x00000000c4500000, 0x00000000c4500000, 0x00000000c4600000|  0%| F|  |TAMS 0x00000000c4500000, 0x00000000c4500000| Untracked 
|  38|0x00000000c4600000, 0x00000000c4600000, 0x00000000c4700000|  0%| F|  |TAMS 0x00000000c4600000, 0x00000000c4600000| Untracked 
|  39|0x00000000c4700000, 0x00000000c4700000, 0x00000000c4800000|  0%| F|  |TAMS 0x00000000c4700000, 0x00000000c4700000| Untracked 
|  40|0x00000000c4800000, 0x00000000c4800000, 0x00000000c4900000|  0%| F|  |TAMS 0x00000000c4800000, 0x00000000c4800000| Untracked 
|  41|0x00000000c4900000, 0x00000000c4900000, 0x00000000c4a00000|  0%| F|  |TAMS 0x00000000c4900000, 0x00000000c4900000| Untracked 
|  42|0x00000000c4a00000, 0x00000000c4a00000, 0x00000000c4b00000|  0%| F|  |TAMS 0x00000000c4a00000, 0x00000000c4a00000| Untracked 
|  43|0x00000000c4b00000, 0x00000000c4b00000, 0x00000000c4c00000|  0%| F|  |TAMS 0x00000000c4b00000, 0x00000000c4b00000| Untracked 
|  44|0x00000000c4c00000, 0x00000000c4cf9490, 0x00000000c4d00000| 97%| E|  |TAMS 0x00000000c4c00000, 0x00000000c4c00000| Complete 
|  45|0x00000000c4d00000, 0x00000000c4e00000, 0x00000000c4e00000|100%| E|CS|TAMS 0x00000000c4d00000, 0x00000000c4d00000| Complete 
|  61|0x00000000c5d00000, 0x00000000c5e00000, 0x00000000c5e00000|100%| E|CS|TAMS 0x00000000c5d00000, 0x00000000c5d00000| Complete 

Card table byte_map: [0x000001807fb80000,0x000001807fd70000] _byte_map_base: 0x000001807f570000

Marking Bits (Prev, Next): (CMBitMap*) 0x000001807f90e6e0, (CMBitMap*) 0x000001807f90e720
 Prev Bits: [0x0000018016870000, 0x00000180177f0000)
 Next Bits: [0x00000180177f0000, 0x0000018018770000)

Polling page: 0x000001807d740000

Metaspace:

Usage:
  Non-class:     35.34 MB used.
      Class:      5.29 MB used.
       Both:     40.63 MB used.

Virtual space:
  Non-class space:       64.00 MB reserved,      35.56 MB ( 56%) committed,  1 nodes.
      Class space:        1.00 GB reserved,       5.50 MB ( <1%) committed,  1 nodes.
             Both:        1.06 GB reserved,      41.06 MB (  4%) committed. 

Chunk freelists:
   Non-Class:  432.00 KB
       Class:  2.45 MB
        Both:  2.88 MB

MaxMetaspaceSize: unlimited
CompressedClassSpaceSize: 1.00 GB
Initial GC threshold: 21.00 MB
Current GC threshold: 59.50 MB
CDS: on
MetaspaceReclaimPolicy: balanced
 - commit_granule_bytes: 65536.
 - commit_granule_words: 8192.
 - virtual_space_node_default_size: 8388608.
 - enlarge_chunks_in_place: 1.
 - new_chunks_are_fully_committed: 0.
 - uncommit_free_chunks: 1.
 - use_allocation_guard: 0.


Internal statistics:

num_allocs_failed_limit: 9.
num_arena_births: 648.
num_arena_deaths: 0.
num_vsnodes_births: 2.
num_vsnodes_deaths: 0.
num_space_committed: 658.
num_space_uncommitted: 0.
num_chunks_returned_to_freelist: 9.
num_chunks_taken_from_freelist: 2099.
num_chunk_merges: 9.
num_chunk_splits: 1528.
num_chunks_enlarged: 1202.
num_inconsistent_stats: 0.

CodeHeap 'non-profiled nmethods': size=120000Kb used=1951Kb max_used=1951Kb free=118048Kb
 bounds [0x000001800f340000, 0x000001800f5b0000, 0x0000018016870000]
CodeHeap 'profiled nmethods': size=120000Kb used=8628Kb max_used=8628Kb free=111372Kb
 bounds [0x0000018007e10000, 0x0000018008680000, 0x000001800f340000]
CodeHeap 'non-nmethods': size=5760Kb used=1278Kb max_used=1310Kb free=4482Kb
 bounds [0x0000018007870000, 0x0000018007ae0000, 0x0000018007e10000]
 total_blobs=4676 nmethods=4088 adapters=500
 compilation: enabled
              stopped_count=0, restarted_count=0
 full_count=0

Compilation events (20 events):
Event: 7.758 Thread 0x000001801ac249a0 4107       3       jdk.internal.module.ServicesCatalog::findServices (17 bytes)
Event: 7.758 Thread 0x000001801ac249a0 nmethod 4107 0x0000018008676010 code [0x00000180086761c0, 0x0000018008676508]
Event: 7.758 Thread 0x000001801ac249a0 4108       3       java.util.concurrent.ConcurrentHashMap::getOrDefault (16 bytes)
Event: 7.758 Thread 0x000001801ac249a0 nmethod 4108 0x0000018008676610 code [0x00000180086767c0, 0x0000018008676968]
Event: 7.758 Thread 0x000001801ac249a0 4109       3       org.hibernate.event.service.internal.EventListenerRegistryImpl$Builder$$Lambda$826/0x000000080113eca8::apply (11 bytes)
Event: 7.759 Thread 0x000001801ac249a0 nmethod 4109 0x0000018008676a10 code [0x0000018008676be0, 0x0000018008677098]
Event: 7.759 Thread 0x000001801ac249a0 4110       3       java.util.Collections$UnmodifiableMap$UnmodifiableEntrySet$1::hasNext (10 bytes)
Event: 7.759 Thread 0x000001801ac249a0 nmethod 4110 0x0000018008677290 code [0x0000018008677440, 0x0000018008677608]
Event: 7.759 Thread 0x000001801ac249a0 4111       3       java.util.Collections$UnmodifiableMap$UnmodifiableEntrySet$1::next (5 bytes)
Event: 7.759 Thread 0x000001801ac249a0 nmethod 4111 0x0000018008677710 code [0x0000018008677900, 0x0000018008678058]
Event: 7.759 Thread 0x000001801ac249a0 4112       3       java.util.Collections$UnmodifiableMap$UnmodifiableEntrySet$1::next (20 bytes)
Event: 7.760 Thread 0x000001801ac249a0 nmethod 4112 0x0000018008678290 code [0x0000018008678480, 0x0000018008678b58]
Event: 7.766 Thread 0x000001801ac249a0 4113       3       java.lang.invoke.StringConcatFactory::parseRecipe (198 bytes)
Event: 7.769 Thread 0x000001801ac249a0 nmethod 4113 0x0000018008678d10 code [0x0000018008679180, 0x000001800867b658]
Event: 7.769 Thread 0x000001801ac249a0 4115       3       java.util.ArrayList$ArrayListSpliterator::getFence (35 bytes)
Event: 7.769 Thread 0x000001801ac249a0 nmethod 4115 0x000001800867c490 code [0x000001800867c620, 0x000001800867c778]
Event: 7.769 Thread 0x000001801ac249a0 4114       3       java.util.Collection::stream (11 bytes)
Event: 7.769 Thread 0x000001801ac249a0 nmethod 4114 0x000001800867c810 code [0x000001800867c9c0, 0x000001800867cbb8]
Event: 7.774 Thread 0x000001801ac249a0 4116       3       java.io.ByteArrayOutputStream::<init> (7 bytes)
Event: 7.774 Thread 0x000001801ac249a0 nmethod 4116 0x000001800867cc90 code [0x000001800867ce20, 0x000001800867cf68]

GC Heap History (18 events):
Event: 1.136 GC heap before
{Heap before GC invocations=0 (full 0):
 garbage-first heap   total 63488K, used 13312K [0x00000000c2000000, 0x0000000100000000)
  region size 1024K, 13 young (13312K), 0 survivors (0K)
 Metaspace       used 3979K, committed 4160K, reserved 1114112K
  class space    used 423K, committed 512K, reserved 1048576K
}
Event: 1.143 GC heap after
{Heap after GC invocations=1 (full 0):
 garbage-first heap   total 63488K, used 6192K [0x00000000c2000000, 0x0000000100000000)
  region size 1024K, 2 young (2048K), 2 survivors (2048K)
 Metaspace       used 3979K, committed 4160K, reserved 1114112K
  class space    used 423K, committed 512K, reserved 1048576K
}
Event: 1.628 GC heap before
{Heap before GC invocations=1 (full 0):
 garbage-first heap   total 63488K, used 17456K [0x00000000c2000000, 0x0000000100000000)
  region size 1024K, 13 young (13312K), 2 survivors (2048K)
 Metaspace       used 7050K, committed 7232K, reserved 1114112K
  class space    used 822K, committed 896K, reserved 1048576K
}
Event: 1.634 GC heap after
{Heap after GC invocations=2 (full 0):
 garbage-first heap   total 63488K, used 7460K [0x00000000c2000000, 0x0000000100000000)
  region size 1024K, 2 young (2048K), 2 survivors (2048K)
 Metaspace       used 7050K, committed 7232K, reserved 1114112K
  class space    used 822K, committed 896K, reserved 1048576K
}
Event: 2.304 GC heap before
{Heap before GC invocations=2 (full 0):
 garbage-first heap   total 63488K, used 25892K [0x00000000c2000000, 0x0000000100000000)
  region size 1024K, 21 young (21504K), 2 survivors (2048K)
 Metaspace       used 12289K, committed 12544K, reserved 1114112K
  class space    used 1410K, committed 1536K, reserved 1048576K
}
Event: 2.310 GC heap after
{Heap after GC invocations=3 (full 0):
 garbage-first heap   total 63488K, used 9081K [0x00000000c2000000, 0x0000000100000000)
  region size 1024K, 3 young (3072K), 3 survivors (3072K)
 Metaspace       used 12289K, committed 12544K, reserved 1114112K
  class space    used 1410K, committed 1536K, reserved 1048576K
}
Event: 3.412 GC heap before
{Heap before GC invocations=3 (full 0):
 garbage-first heap   total 63488K, used 36729K [0x00000000c2000000, 0x0000000100000000)
  region size 1024K, 31 young (31744K), 3 survivors (3072K)
 Metaspace       used 17206K, committed 17472K, reserved 1114112K
  class space    used 2036K, committed 2176K, reserved 1048576K
}
Event: 3.425 GC heap after
{Heap after GC invocations=4 (full 0):
 garbage-first heap   total 63488K, used 11158K [0x00000000c2000000, 0x0000000100000000)
  region size 1024K, 4 young (4096K), 4 survivors (4096K)
 Metaspace       used 17206K, committed 17472K, reserved 1114112K
  class space    used 2036K, committed 2176K, reserved 1048576K
}
Event: 4.381 GC heap before
{Heap before GC invocations=4 (full 0):
 garbage-first heap   total 63488K, used 32662K [0x00000000c2000000, 0x0000000100000000)
  region size 1024K, 26 young (26624K), 4 survivors (4096K)
 Metaspace       used 21146K, committed 21504K, reserved 1114112K
  class space    used 2566K, committed 2752K, reserved 1048576K
}
Event: 4.391 GC heap after
{Heap after GC invocations=5 (full 0):
 garbage-first heap   total 63488K, used 13072K [0x00000000c2000000, 0x0000000100000000)
  region size 1024K, 4 young (4096K), 4 survivors (4096K)
 Metaspace       used 21146K, committed 21504K, reserved 1114112K
  class space    used 2566K, committed 2752K, reserved 1048576K
}
Event: 5.479 GC heap before
{Heap before GC invocations=6 (full 0):
 garbage-first heap   total 48128K, used 37648K [0x00000000c2000000, 0x0000000100000000)
  region size 1024K, 28 young (28672K), 4 survivors (4096K)
 Metaspace       used 27049K, committed 27520K, reserved 1114112K
  class space    used 3360K, committed 3584K, reserved 1048576K
}
Event: 5.490 GC heap after
{Heap after GC invocations=7 (full 0):
 garbage-first heap   total 48128K, used 15748K [0x00000000c2000000, 0x0000000100000000)
  region size 1024K, 4 young (4096K), 4 survivors (4096K)
 Metaspace       used 27049K, committed 27520K, reserved 1114112K
  class space    used 3360K, committed 3584K, reserved 1048576K
}
Event: 6.238 GC heap before
{Heap before GC invocations=7 (full 0):
 garbage-first heap   total 48128K, used 34180K [0x00000000c2000000, 0x0000000100000000)
  region size 1024K, 22 young (22528K), 4 survivors (4096K)
 Metaspace       used 31242K, committed 31744K, reserved 1114112K
  class space    used 3988K, committed 4224K, reserved 1048576K
}
Event: 6.246 GC heap after
{Heap after GC invocations=8 (full 0):
 garbage-first heap   total 48128K, used 17248K [0x00000000c2000000, 0x0000000100000000)
  region size 1024K, 2 young (2048K), 2 survivors (2048K)
 Metaspace       used 31242K, committed 31744K, reserved 1114112K
  class space    used 3988K, committed 4224K, reserved 1048576K
}
Event: 7.082 GC heap before
{Heap before GC invocations=8 (full 0):
 garbage-first heap   total 48128K, used 29536K [0x00000000c2000000, 0x0000000100000000)
  region size 1024K, 16 young (16384K), 2 survivors (2048K)
 Metaspace       used 35625K, committed 36096K, reserved 1114112K
  class space    used 4520K, committed 4736K, reserved 1048576K
}
Event: 7.087 GC heap after
{Heap after GC invocations=9 (full 0):
 garbage-first heap   total 48128K, used 18332K [0x00000000c2000000, 0x0000000100000000)
  region size 1024K, 3 young (3072K), 3 survivors (3072K)
 Metaspace       used 35625K, committed 36096K, reserved 1114112K
  class space    used 4520K, committed 4736K, reserved 1048576K
}
Event: 7.806 GC heap before
{Heap before GC invocations=10 (full 0):
 garbage-first heap   total 48128K, used 35740K [0x00000000c2000000, 0x0000000100000000)
  region size 1024K, 20 young (20480K), 3 survivors (3072K)
 Metaspace       used 40234K, committed 40704K, reserved 1114112K
  class space    used 5156K, committed 5376K, reserved 1048576K
}
Event: 7.812 GC heap after
{Heap after GC invocations=11 (full 0):
 garbage-first heap   total 48128K, used 19854K [0x00000000c2000000, 0x0000000100000000)
  region size 1024K, 3 young (3072K), 3 survivors (3072K)
 Metaspace       used 40234K, committed 40704K, reserved 1114112K
  class space    used 5156K, committed 5376K, reserved 1048576K
}

Deoptimization events (20 events):
Event: 6.935 Thread 0x000001807f8cbaa0 DEOPT PACKING pc=0x000001800f4a172c sp=0x0000000c910fd940
Event: 6.935 Thread 0x000001807f8cbaa0 DEOPT UNPACKING pc=0x00000180078c23a3 sp=0x0000000c910fd7f8 mode 2
Event: 7.079 Thread 0x000001807f8cbaa0 Uncommon trap: trap_request=0xffffff45 fr.pc=0x000001800f37b39c relative=0x000000000000057c
Event: 7.079 Thread 0x000001807f8cbaa0 Uncommon trap: reason=unstable_if action=reinterpret pc=0x000001800f37b39c method=java.lang.AbstractStringBuilder.append(Ljava/lang/String;)Ljava/lang/AbstractStringBuilder; @ 1 c2
Event: 7.079 Thread 0x000001807f8cbaa0 DEOPT PACKING pc=0x000001800f37b39c sp=0x0000000c910fd6f0
Event: 7.079 Thread 0x000001807f8cbaa0 DEOPT UNPACKING pc=0x00000180078c23a3 sp=0x0000000c910fd670 mode 2
Event: 7.079 Thread 0x000001807f8cbaa0 Uncommon trap: trap_request=0xffffff45 fr.pc=0x000001800f37cd94 relative=0x0000000000000574
Event: 7.079 Thread 0x000001807f8cbaa0 Uncommon trap: reason=unstable_if action=reinterpret pc=0x000001800f37cd94 method=java.lang.AbstractStringBuilder.append(Ljava/lang/String;)Ljava/lang/AbstractStringBuilder; @ 1 c2
Event: 7.079 Thread 0x000001807f8cbaa0 DEOPT PACKING pc=0x000001800f37cd94 sp=0x0000000c910fd690
Event: 7.079 Thread 0x000001807f8cbaa0 DEOPT UNPACKING pc=0x00000180078c23a3 sp=0x0000000c910fd678 mode 2
Event: 7.092 Thread 0x000001807f8cbaa0 Uncommon trap: trap_request=0xffffff45 fr.pc=0x000001800f4f1170 relative=0x0000000000000250
Event: 7.092 Thread 0x000001807f8cbaa0 Uncommon trap: reason=unstable_if action=reinterpret pc=0x000001800f4f1170 method=java.lang.String.getChars(II[CI)V @ 23 c2
Event: 7.092 Thread 0x000001807f8cbaa0 DEOPT PACKING pc=0x000001800f4f1170 sp=0x0000000c910fd8d0
Event: 7.092 Thread 0x000001807f8cbaa0 DEOPT UNPACKING pc=0x00000180078c23a3 sp=0x0000000c910fd890 mode 2
Event: 7.222 Thread 0x000001807f8cbaa0 DEOPT PACKING pc=0x000001800800afa3 sp=0x0000000c910fcf70
Event: 7.222 Thread 0x000001807f8cbaa0 DEOPT UNPACKING pc=0x00000180078c2b43 sp=0x0000000c910fc3e0 mode 0
Event: 7.233 Thread 0x000001801fd582f0 Uncommon trap: trap_request=0xffffff45 fr.pc=0x000001800f4a1348 relative=0x00000000000000a8
Event: 7.233 Thread 0x000001801fd582f0 Uncommon trap: reason=unstable_if action=reinterpret pc=0x000001800f4a1348 method=java.lang.CharacterDataLatin1.digit(II)I @ 12 c2
Event: 7.233 Thread 0x000001801fd582f0 DEOPT PACKING pc=0x000001800f4a1348 sp=0x0000000c92dfe6a0
Event: 7.234 Thread 0x000001801fd582f0 DEOPT UNPACKING pc=0x00000180078c23a3 sp=0x0000000c92dfe618 mode 2

Classes loaded (20 events):
Event: 7.620 Loading class sun/security/provider/ByteArrayAccess$LE
Event: 7.620 Loading class sun/security/provider/ByteArrayAccess$LE done
Event: 7.620 Loading class java/math/MutableBigInteger
Event: 7.622 Loading class java/math/MutableBigInteger done
Event: 7.688 Loading class javax/naming/RefAddr
Event: 7.688 Loading class javax/naming/RefAddr done
Event: 7.688 Loading class javax/naming/StringRefAddr
Event: 7.688 Loading class javax/naming/StringRefAddr done
Event: 7.721 Loading class java/util/concurrent/CompletionStage
Event: 7.722 Loading class java/util/concurrent/CompletionStage done
Event: 7.723 Loading class java/util/concurrent/CompletableFuture
Event: 7.724 Loading class java/util/concurrent/CompletableFuture done
Event: 7.724 Loading class java/util/concurrent/CompletableFuture$AltResult
Event: 7.724 Loading class java/util/concurrent/CompletableFuture$AltResult done
Event: 7.724 Loading class java/util/concurrent/CompletableFuture$Completion
Event: 7.724 Loading class java/util/concurrent/CompletableFuture$AsynchronousCompletionTask
Event: 7.724 Loading class java/util/concurrent/CompletableFuture$AsynchronousCompletionTask done
Event: 7.725 Loading class java/util/concurrent/CompletableFuture$Completion done
Event: 7.775 Loading class java/util/concurrent/CancellationException
Event: 7.775 Loading class java/util/concurrent/CancellationException done

Classes unloaded (0 events):
No events

Classes redefined (0 events):
No events

Internal exceptions (20 events):
Event: 4.736 Thread 0x000001807f8cbaa0 Exception <a 'java/lang/NoSuchMethodError'{0x00000000c43fc078}: 'void java.lang.invoke.DirectMethodHandle$Holder.invokeStatic(java.lang.Object, int, java.lang.Object)'> (0x00000000c43fc078) 
thrown [s\open\src\hotspot\share\interpreter\linkResolver.cpp, line 766]
Event: 4.912 Thread 0x000001807f8cbaa0 Exception <a 'java/lang/NoSuchMethodError'{0x00000000c3ff55b8}: 'java.lang.Object java.lang.invoke.DirectMethodHandle$Holder.invokeStaticInit(java.lang.Object, int, int, int, int)'> (0x00000000c3ff55b8) 
thrown [s\open\src\hotspot\share\interpreter\linkResolver.cpp, line 766]
Event: 4.974 Thread 0x000001807f8cbaa0 Exception <a 'java/lang/NoSuchMethodError'{0x00000000c3e2d818}: 'java.lang.Object java.lang.invoke.DirectMethodHandle$Holder.invokeStaticInit(java.lang.Object, java.lang.Object, int, int, int, int)'> (0x00000000c3e2d818) 
thrown [s\open\src\hotspot\share\interpreter\linkResolver.cpp, line 766]
Event: 5.047 Thread 0x000001807f8cbaa0 Exception <a 'java/lang/NoSuchMethodError'{0x00000000c3c8c078}: 'int java.lang.invoke.DirectMethodHandle$Holder.invokeVirtual(java.lang.Object, java.lang.Object, java.lang.Object, java.lang.Object)'> (0x00000000c3c8c078) 
thrown [s\open\src\hotspot\share\interpreter\linkResolver.cpp, line 766]
Event: 5.047 Thread 0x000001807f8cbaa0 Exception <a 'java/lang/NoSuchMethodError'{0x00000000c3c8fd78}: 'int java.lang.invoke.DelegatingMethodHandle$Holder.reinvoke_L(java.lang.Object, java.lang.Object, java.lang.Object, java.lang.Object)'> (0x00000000c3c8fd78) 
thrown [s\open\src\hotspot\share\interpreter\linkResolver.cpp, line 766]
Event: 5.131 Thread 0x000001807f8cbaa0 Exception <a 'java/lang/NoSuchMethodError'{0x00000000c3af92a8}: 'java.lang.Object java.lang.invoke.DirectMethodHandle$Holder.invokeSpecial(java.lang.Object, java.lang.Object, long, java.lang.Object, java.lang.Object, java.lang.Object, java.lang.Object, java.lang.Object, java.lang.Object)'> (0x00000000c3af92a8) 
thrown [s\open\src\hotspot\share\interpreter\linkResolver.cpp, line 766]
Event: 5.132 Thread 0x000001807f8cbaa0 Exception <a 'java/lang/NoSuchMethodError'{0x00000000c3afddd8}: 'java.lang.Object java.lang.invoke.DelegatingMethodHandle$Holder.reinvoke_L(java.lang.Object, long, java.lang.Object, java.lang.Object, java.lang.Object, java.lang.Object, java.lang.Object, java.lang.Object)'> (0x00000000c3afddd8) 
thrown [s\open\src\hotspot\share\interpreter\linkResolver.cpp, line 766]
Event: 5.133 Thread 0x000001807f8cbaa0 Exception <a 'java/lang/NoSuchMethodError'{0x00000000c390aea0}: 'java.lang.Object java.lang.invoke.Invokers$Holder.linkToTargetMethod(java.lang.Object, java.lang.Object, java.lang.Object, java.lang.Object, java.lang.Object, java.lang.Object, java.lang.Object)'> (0x00000000c390aea0) 
thrown [s\open\src\hotspot\share\interpreter\linkResolver.cpp, line 766]
Event: 5.306 Thread 0x000001807f8cbaa0 Exception <a 'java/io/FileNotFoundException'{0x00000000c37adae8}> (0x00000000c37adae8) 
thrown [s\open\src\hotspot\share\prims\jni.cpp, line 516]
Event: 5.375 Thread 0x000001807f8cbaa0 Exception <a 'java/lang/NoSuchMethodError'{0x00000000c36e0968}: 'int java.lang.invoke.DirectMethodHandle$Holder.invokeInterface(java.lang.Object, java.lang.Object, java.lang.Object, java.lang.Object)'> (0x00000000c36e0968) 
thrown [s\open\src\hotspot\share\interpreter\linkResolver.cpp, line 766]
Event: 5.438 Thread 0x000001807f8cbaa0 Exception <a 'java/lang/NoSuchMethodError'{0x00000000c34d12a8}: 'long java.lang.invoke.DirectMethodHandle$Holder.invokeVirtual(java.lang.Object, java.lang.Object)'> (0x00000000c34d12a8) 
thrown [s\open\src\hotspot\share\interpreter\linkResolver.cpp, line 766]
Event: 5.594 Thread 0x000001807f8cbaa0 Exception <a 'java/lang/NoSuchMethodError'{0x00000000c4bbe410}: 'java.lang.Object java.lang.invoke.DirectMethodHandle$Holder.newInvokeSpecial(java.lang.Object, java.lang.Object, java.lang.Object, java.lang.Object, java.lang.Object, java.lang.Object, java.lang.Object, java.lang.Object, java.lang.Object, java.lang.Object, java.lang.Object)'> (0x00000000c4bbe410) 
thrown [s\open\src\hotspot\share\interpreter\linkResolver.cpp, line 766]
Event: 5.595 Thread 0x000001807f8cbaa0 Exception <a 'java/lang/NoSuchMethodError'{0x00000000c4bc3638}: 'java.lang.Object java.lang.invoke.DirectMethodHandle$Holder.invokeSpecial(java.lang.Object, java.lang.Object, java.lang.Object, java.lang.Object, java.lang.Object, java.lang.Object, java.lang.Object, java.lang.Object, java.lang.Object, java.lang.Object, java.lang.Object, java.lang.Object)'> (0x00000000c4bc3638) 
thrown [s\open\src\hotspot\share\interpreter\linkResolver.cpp, line 766]
Event: 5.725 Thread 0x000001807f8cbaa0 Exception <a 'java/lang/NoSuchMethodError'{0x00000000c48ad5c0}: 'void java.lang.invoke.DelegatingMethodHandle$Holder.reinvoke_L(java.lang.Object, java.lang.Object, java.lang.Object, java.lang.Object, int, java.lang.Object, java.lang.Object, java.lang.Object)'> (0x00000000c48ad5c0) 
thrown [s\open\src\hotspot\share\interpreter\linkResolver.cpp, line 766]
Event: 7.078 Thread 0x000001807f8cbaa0 Implicit null exception at 0x000001800f37ae52 to 0x000001800f37b384
Event: 7.079 Thread 0x000001807f8cbaa0 Implicit null exception at 0x000001800f37c852 to 0x000001800f37cd7c
Event: 7.187 Thread 0x000001807f8cbaa0 Exception <a 'java/lang/NoSuchMethodError'{0x00000000c4de69d0}: 'java.lang.Object java.lang.invoke.DirectMethodHandle$Holder.invokeStaticInit(java.lang.Object, java.lang.Object, java.lang.Object, java.lang.Object)'> (0x00000000c4de69d0) 
thrown [s\open\src\hotspot\share\interpreter\linkResolver.cpp, line 766]
Event: 7.474 Thread 0x000001807f8cbaa0 Exception <a 'java/lang/NoSuchMethodError'{0x00000000c477c800}: 'java.lang.Object java.lang.invoke.DirectMethodHandle$Holder.newInvokeSpecial(java.lang.Object, java.lang.Object, java.lang.Object, int)'> (0x00000000c477c800) 
thrown [s\open\src\hotspot\share\interpreter\linkResolver.cpp, line 766]
Event: 7.474 Thread 0x000001807f8cbaa0 Exception <a 'java/lang/NoSuchMethodError'{0x00000000c4780910}: 'java.lang.Object java.lang.invoke.DirectMethodHandle$Holder.invokeSpecial(java.lang.Object, java.lang.Object, java.lang.Object, java.lang.Object, int)'> (0x00000000c4780910) 
thrown [s\open\src\hotspot\share\interpreter\linkResolver.cpp, line 766]
Event: 7.474 Thread 0x000001807f8cbaa0 Exception <a 'java/lang/NoSuchMethodError'{0x00000000c4784018}: 'java.lang.Object java.lang.invoke.Invokers$Holder.linkToTargetMethod(java.lang.Object, java.lang.Object, int, java.lang.Object)'> (0x00000000c4784018) 
thrown [s\open\src\hotspot\share\interpreter\linkResolver.cpp, line 766]

VM Operations (20 events):
Event: 5.449 Executing VM operation: HandshakeAllThreads
Event: 5.449 Executing VM operation: HandshakeAllThreads done
Event: 5.479 Executing VM operation: G1CollectForAllocation
Event: 5.490 Executing VM operation: G1CollectForAllocation done
Event: 5.520 Executing VM operation: HandshakeAllThreads
Event: 5.520 Executing VM operation: HandshakeAllThreads done
Event: 6.238 Executing VM operation: G1CollectForAllocation
Event: 6.246 Executing VM operation: G1CollectForAllocation done
Event: 7.023 Executing VM operation: HandshakeAllThreads
Event: 7.023 Executing VM operation: HandshakeAllThreads done
Event: 7.081 Executing VM operation: CollectForMetadataAllocation
Event: 7.087 Executing VM operation: CollectForMetadataAllocation done
Event: 7.120 Executing VM operation: CollectForMetadataAllocation
Event: 7.120 Executing VM operation: CollectForMetadataAllocation done
Event: 7.140 Executing VM operation: G1Concurrent
Event: 7.144 Executing VM operation: G1Concurrent done
Event: 7.164 Executing VM operation: G1Concurrent
Event: 7.165 Executing VM operation: G1Concurrent done
Event: 7.806 Executing VM operation: G1CollectForAllocation
Event: 7.812 Executing VM operation: G1CollectForAllocation done

Events (20 events):
Event: 0.376 Loaded shared library C:\Program Files\Java\jdk-18.0.1.1\bin\nio.dll
Event: 0.381 Loaded shared library C:\Program Files\Java\jdk-18.0.1.1\bin\zip.dll
Event: 0.564 Loaded shared library C:\Program Files\JetBrains\IntelliJ IDEA Community Edition 2022.3.1\bin\breakgen64.dll
Event: 0.566 Thread 0x000001801f1a3610 Thread added: 0x000001801f1a3610
Event: 0.566 Thread 0x000001801f1a3ad0 Thread added: 0x000001801f1a3ad0
Event: 0.672 Loaded shared library C:\Program Files\Java\jdk-18.0.1.1\bin\jimage.dll
Event: 1.845 Thread 0x000001801fbca750 Thread added: 0x000001801fbca750
Event: 2.000 Loaded shared library C:\Program Files\Java\jdk-18.0.1.1\bin\verify.dll
Event: 2.524 Thread 0x000001801fbca750 Thread exited: 0x000001801fbca750
Event: 2.695 Thread 0x000001801fbca750 Thread added: 0x000001801fbca750
Event: 2.731 Thread 0x000001801fbca750 Thread exited: 0x000001801fbca750
Event: 5.221 Loaded shared library C:\Program Files\Java\jdk-18.0.1.1\bin\sunmscapi.dll
Event: 5.265 Loaded shared library C:\Program Files\Java\jdk-18.0.1.1\bin\management.dll
Event: 5.269 Loaded shared library C:\Program Files\Java\jdk-18.0.1.1\bin\management_ext.dll
Event: 5.461 Thread 0x00000180201cd580 Thread added: 0x00000180201cd580
Event: 5.465 Thread 0x000001802058b2c0 Thread added: 0x000001802058b2c0
Event: 5.472 Thread 0x0000018020ace0b0 Thread added: 0x0000018020ace0b0
Event: 5.520 Thread 0x000001801fd55c70 Thread added: 0x000001801fd55c70
Event: 7.103 Thread 0x000001801fd58c90 Thread added: 0x000001801fd58c90
Event: 7.226 Thread 0x000001801fd582f0 Thread added: 0x000001801fd582f0


Dynamic libraries:
0x00007ff693320000 - 0x00007ff693330000 	C:\Program Files\Java\jdk-18.0.1.1\bin\java.exe
0x00007ffbd0930000 - 0x00007ffbd0b28000 	C:\Windows\SYSTEM32\ntdll.dll
0x00007ffbd0800000 - 0x00007ffbd08bf000 	C:\Windows\System32\KERNEL32.DLL
0x00007ffbce130000 - 0x00007ffbce426000 	C:\Windows\System32\KERNELBASE.dll
0x00007ffbce800000 - 0x00007ffbce900000 	C:\Windows\System32\ucrtbase.dll
0x00007ffbc6f30000 - 0x00007ffbc6f4a000 	C:\Program Files\Java\jdk-18.0.1.1\bin\VCRUNTIME140.dll
0x00007ffbc6cc0000 - 0x00007ffbc6cd8000 	C:\Program Files\Java\jdk-18.0.1.1\bin\jli.dll
0x00007ffbd0370000 - 0x00007ffbd041f000 	C:\Windows\System32\ADVAPI32.dll
0x00007ffbce9f0000 - 0x00007ffbcea8e000 	C:\Windows\System32\msvcrt.dll
0x00007ffbcfb60000 - 0x00007ffbcfbfc000 	C:\Windows\System32\sechost.dll
0x00007ffbcf240000 - 0x00007ffbcf366000 	C:\Windows\System32\RPCRT4.dll
0x00007ffbcee70000 - 0x00007ffbcf00d000 	C:\Windows\System32\USER32.dll
0x00007ffbce430000 - 0x00007ffbce452000 	C:\Windows\System32\win32u.dll
0x00007ffbd08c0000 - 0x00007ffbd08ec000 	C:\Windows\System32\GDI32.dll
0x00007ffbce010000 - 0x00007ffbce125000 	C:\Windows\System32\gdi32full.dll
0x00007ffbce460000 - 0x00007ffbce4fd000 	C:\Windows\System32\msvcp_win.dll
0x00007ffba6700000 - 0x00007ffba699a000 	C:\Windows\WinSxS\amd64_microsoft.windows.common-controls_6595b64144ccf1df_6.0.19041.1110_none_60b5254171f9507e\COMCTL32.dll
0x00007ffbc6840000 - 0x00007ffbc684a000 	C:\Windows\SYSTEM32\VERSION.dll
0x00007ffbcfb30000 - 0x00007ffbcfb60000 	C:\Windows\System32\IMM32.DLL
0x00007ffbc97c0000 - 0x00007ffbc97cc000 	C:\Program Files\Java\jdk-18.0.1.1\bin\vcruntime140_1.dll
0x00007ffbc1720000 - 0x00007ffbc17ad000 	C:\Program Files\Java\jdk-18.0.1.1\bin\msvcp140.dll
0x00007ffb78d90000 - 0x00007ffb799a0000 	C:\Program Files\Java\jdk-18.0.1.1\bin\server\jvm.dll
0x00007ffbcf860000 - 0x00007ffbcf868000 	C:\Windows\System32\PSAPI.DLL
0x00007ffbb6920000 - 0x00007ffbb6929000 	C:\Windows\SYSTEM32\WSOCK32.dll
0x00007ffbd0420000 - 0x00007ffbd048b000 	C:\Windows\System32\WS2_32.dll
0x00007ffbaa6f0000 - 0x00007ffbaa717000 	C:\Windows\SYSTEM32\WINMM.dll
0x00007ffbcbed0000 - 0x00007ffbcbee2000 	C:\Windows\SYSTEM32\kernel.appcore.dll
0x00007ffbc90b0000 - 0x00007ffbc90ba000 	C:\Program Files\Java\jdk-18.0.1.1\bin\jimage.dll
0x00007ffbb6710000 - 0x00007ffbb68f4000 	C:\Windows\SYSTEM32\DBGHELP.DLL
0x00007ffbb6460000 - 0x00007ffbb6494000 	C:\Windows\SYSTEM32\dbgcore.DLL
0x00007ffbce900000 - 0x00007ffbce982000 	C:\Windows\System32\bcryptPrimitives.dll
0x00007ffbc9c90000 - 0x00007ffbc9c9e000 	C:\Program Files\Java\jdk-18.0.1.1\bin\instrument.dll
0x00007ffbc6310000 - 0x00007ffbc6335000 	C:\Program Files\Java\jdk-18.0.1.1\bin\java.dll
0x00007ffb9a800000 - 0x00007ffb9a8d6000 	C:\Program Files\Java\jdk-18.0.1.1\bin\jsvml.dll
0x00007ffbcfc00000 - 0x00007ffbd0344000 	C:\Windows\System32\SHELL32.dll
0x00007ffbcc0d0000 - 0x00007ffbcc863000 	C:\Windows\SYSTEM32\windows.storage.dll
0x00007ffbd0490000 - 0x00007ffbd07e4000 	C:\Windows\System32\combase.dll
0x00007ffbcda70000 - 0x00007ffbcda9e000 	C:\Windows\SYSTEM32\Wldp.dll
0x00007ffbcf9a0000 - 0x00007ffbcfa4d000 	C:\Windows\System32\SHCORE.dll
0x00007ffbcf1e0000 - 0x00007ffbcf235000 	C:\Windows\System32\shlwapi.dll
0x00007ffbcdf50000 - 0x00007ffbcdf6f000 	C:\Windows\SYSTEM32\profapi.dll
0x00007ffbc3090000 - 0x00007ffbc30a8000 	C:\Program Files\Java\jdk-18.0.1.1\bin\zip.dll
0x00007ffbc4330000 - 0x00007ffbc4343000 	C:\Program Files\Java\jdk-18.0.1.1\bin\net.dll
0x00007ffbc3720000 - 0x00007ffbc382a000 	C:\Windows\SYSTEM32\WINHTTP.dll
0x00007ffbcd7d0000 - 0x00007ffbcd83a000 	C:\Windows\system32\mswsock.dll
0x00007ffbc3170000 - 0x00007ffbc3186000 	C:\Program Files\Java\jdk-18.0.1.1\bin\nio.dll
0x00007ffbc1a10000 - 0x00007ffbc1a2a000 	C:\Program Files\JetBrains\IntelliJ IDEA Community Edition 2022.3.1\bin\breakgen64.dll
0x00007ffbc6fe0000 - 0x00007ffbc6ff0000 	C:\Program Files\Java\jdk-18.0.1.1\bin\verify.dll
0x00007ffbcd9d0000 - 0x00007ffbcd9e8000 	C:\Windows\SYSTEM32\CRYPTSP.dll
0x00007ffbcd080000 - 0x00007ffbcd0b4000 	C:\Windows\system32\rsaenh.dll
0x00007ffbce7d0000 - 0x00007ffbce7f7000 	C:\Windows\System32\bcrypt.dll
0x00007ffbcded0000 - 0x00007ffbcdefe000 	C:\Windows\SYSTEM32\USERENV.dll
0x00007ffbcd9c0000 - 0x00007ffbcd9cc000 	C:\Windows\SYSTEM32\CRYPTBASE.dll
0x00007ffbcd470000 - 0x00007ffbcd4ac000 	C:\Windows\SYSTEM32\IPHLPAPI.DLL
0x00007ffbd07f0000 - 0x00007ffbd07f8000 	C:\Windows\System32\NSI.dll
0x00007ffbc46d0000 - 0x00007ffbc46e7000 	C:\Windows\SYSTEM32\dhcpcsvc6.DLL
0x00007ffbc49f0000 - 0x00007ffbc4a0d000 	C:\Windows\SYSTEM32\dhcpcsvc.DLL
0x00007ffbcd4b0000 - 0x00007ffbcd57b000 	C:\Windows\SYSTEM32\DNSAPI.dll
0x00007ffbc6b20000 - 0x00007ffbc6b2e000 	C:\Program Files\Java\jdk-18.0.1.1\bin\sunmscapi.dll
0x00007ffbce500000 - 0x00007ffbce65e000 	C:\Windows\System32\CRYPT32.dll
0x00007ffbcdae0000 - 0x00007ffbcdb08000 	C:\Windows\SYSTEM32\ncrypt.dll
0x00007ffbcdaa0000 - 0x00007ffbcdadb000 	C:\Windows\SYSTEM32\NTASN1.dll
0x00007ffbc6f20000 - 0x00007ffbc6f29000 	C:\Program Files\Java\jdk-18.0.1.1\bin\management.dll
0x00007ffbc6ec0000 - 0x00007ffbc6ecb000 	C:\Program Files\Java\jdk-18.0.1.1\bin\management_ext.dll
0x00007ffbc05a0000 - 0x00007ffbc05aa000 	C:\Windows\System32\rasadhlp.dll
0x00007ffbc1b60000 - 0x00007ffbc1be2000 	C:\Windows\System32\fwpuclnt.dll

dbghelp: loaded successfully - version: 4.0.5 - missing functions: none
symbol engine: initialized successfully - sym options: 0x614 - pdb path: .;C:\Program Files\Java\jdk-18.0.1.1\bin;C:\Windows\SYSTEM32;C:\Windows\WinSxS\amd64_microsoft.windows.common-controls_6595b64144ccf1df_6.0.19041.1110_none_60b5254171f9507e;C:\Program Files\Java\jdk-18.0.1.1\bin\server;C:\Program Files\JetBrains\IntelliJ IDEA Community Edition 2022.3.1\bin

VM Arguments:
jvm_args: -javaagent:C:\Program Files\JetBrains\IntelliJ IDEA Community Edition 2022.3.1\lib\idea_rt.jar=62553:C:\Program Files\JetBrains\IntelliJ IDEA Community Edition 2022.3.1\bin -Dfile.encoding=UTF-8 -Dsun.stdout.encoding=UTF-8 -Dsun.stderr.encoding=UTF-8 
java_command: lk.nibm.ead2.web.PizzacreedV2Application
java_class_path (initial): G:\EAD2\Pizza_Creed\target\classes;C:\Users\ACER\.m2\repository\org\springframework\boot\spring-boot-starter-data-jpa\3.0.6\spring-boot-starter-data-jpa-3.0.6.jar;C:\Users\ACER\.m2\repository\org\springframework\boot\spring-boot-starter-aop\3.0.6\spring-boot-starter-aop-3.0.6.jar;C:\Users\ACER\.m2\repository\org\springframework\spring-aop\6.0.8\spring-aop-6.0.8.jar;C:\Users\ACER\.m2\repository\org\aspectj\aspectjweaver\1.9.19\aspectjweaver-1.9.19.jar;C:\Users\ACER\.m2\repository\org\springframework\boot\spring-boot-starter-jdbc\3.0.6\spring-boot-starter-jdbc-3.0.6.jar;C:\Users\ACER\.m2\repository\com\zaxxer\HikariCP\5.0.1\HikariCP-5.0.1.jar;C:\Users\ACER\.m2\repository\org\springframework\spring-jdbc\6.0.8\spring-jdbc-6.0.8.jar;C:\Users\ACER\.m2\repository\org\hibernate\orm\hibernate-core\6.1.7.Final\hibernate-core-6.1.7.Final.jar;C:\Users\ACER\.m2\repository\jakarta\persistence\jakarta.persistence-api\3.1.0\jakarta.persistence-api-3.1.0.jar;C:\Users\ACER\.m2\repository\jakarta\transaction\jakarta.transaction-api\2.0.1\jakarta.transaction-api-2.0.1.jar;C:\Users\ACER\.m2\repository\org\jboss\logging\jboss-logging\3.5.0.Final\jboss-logging-3.5.0.Final.jar;C:\Users\ACER\.m2\repository\org\hibernate\common\hibernate-commons-annotations\6.0.6.Final\hibernate-commons-annotations-6.0.6.Final.jar;C:\Users\ACER\.m2\repository\org\jboss\jandex\2.4.2.Final\jandex-2.4.2.Final.jar;C:\Users\ACER\.m2\repository\com\fasterxml\classmate\1.5.1\classmate-1.5.1.jar;C:\Users\ACER\.m2\repository\net\bytebuddy\byte-buddy\1.12.23\byte-buddy-1.12.23.jar;C:\Users\ACER\.m2\repository\org\glassfish\jaxb\jaxb-runtime\4.0.2\jaxb-runtime-4.0.2.jar;C:\Users\ACER\.m2\repository\org\glassfish\jaxb\jaxb-core\4.0.2\jaxb-core-4.0.2.jar;C:\Users\ACER\.m2\repository\org\eclipse\angus\angus-activation\2.0.0\angus-activation-2.0.0.jar;C:\Users\ACER\.m2\repository\org\glassfish\jaxb\txw2\4.0.2\txw2-4.0.2.jar;C:\Users\ACER\.m2\repository\com\sun\istack\istack-commons-runtime\4.1.1\istack-commons-runtime-4.1.1.jar;C:\Users\ACER\.m2\repository\jakarta\inject\jakarta.inject-api\2.0.0\jakarta.inject-api-2.0.0.jar;C:\Users\ACER\.m2\repository\org\antlr\antlr4-runtime\4.10.1\antlr4-runtime-4.10.1.jar;C:\Users\ACER\.m2\repository\org\springframework\data\spring-data-jpa\3.0.5\spring-data-jpa-3.0.5.jar;C:\Users\ACER\.m2\repository\org\springframework\data\spring-data-commons\3.0.5\spring-data-commons-3.0.5.jar;C:\Users\ACER\.m2\repository\org\springframework\spring-orm\6.0.8\spring-orm-6.0.8.jar;C:\Users\ACER\.m2\repository\org\springframework\spring-context\6.0.8\spring-context-6.0.8.jar;C:\Users\ACER\.m2\repository\org\springframework\spring-tx\6.0.8\spring-tx-6.0.8.jar;C:\Users\ACER\.m2\repository\org\springframework\spring-beans\6.0.8\spring-beans-6.0.8.jar;C:\Users\ACER\.m2\repository\jakarta\annotation\jakarta.annotation-api\2.1.1\jakarta.annotation-api-2.1.1.jar;C:\Users\ACER\.m2\repository\org\slf4j\slf4j-api\2.0.7\slf4j-api-2.0.7.jar;C:\Users\ACER\.m2\repository\org\springframework\spring-aspects\6.0.8\spring-aspects-6.0.8.jar;C:\Users\ACER\.m2\repository\org\springframework\boot\spring-boot-starter-thymeleaf\3.0.6\spring-boot-starter-thymeleaf-3.0.6.jar;C:\Users\ACER\.m2\repository\org\springframework\boot\spring-boot-starter\3.0.6\spring-boot-starter-3.0.6.jar;C:\Users\ACER\.m2\repository\org\springframework\boot\spring-boot\3.0.6\spring-boot-3.0.6.jar;C:\Users\ACER\.m2\repository\org\springframework\boot\spring-boot-autoconfigure\3.0.6\spring-boot-autoconfigure-3.0.6.jar;C:\Users\ACER\.m2\repository\org\springframework\boot\spring-boot-starter-logging\3.0.6\spring-boot-starter-logging-3.0.6.jar;C:\Users\ACER\.m2\repository\ch\qos\logback\logback-classic\1.4.7\logback-classic-1.4.7.jar;C:\Users\ACER\.m2\repository\ch\qos\logback\logback-core\1.4.7\logback-core-1.4.7.jar;C:\Users\ACER\.m2\repository\org\apache\logging\log4j\log4j-to-slf4j\2.19.0\log4j-to-slf4j-2.19.0.jar;C:\Users\ACER\.m2\repository\org\apache\logging\log4j\log4j-api\2.19.0\log4j-api-2.19.0.jar;C:\Users\ACER\.m2\repository\org\slf4j\jul-to-slf4j\2.0.7\jul-to-slf4j-2.0.7.jar;C:\Users\ACER\.m2\repository\org\yaml\snakeyaml\1.33\snakeyaml-1.33.jar;C:\Users\ACER\.m2\repository\org\thymeleaf\thymeleaf-spring6\3.1.1.RELEASE\thymeleaf-spring6-3.1.1.RELEASE.jar;C:\Users\ACER\.m2\repository\org\thymeleaf\thymeleaf\3.1.1.RELEASE\thymeleaf-3.1.1.RELEASE.jar;C:\Users\ACER\.m2\repository\org\attoparser\attoparser\2.0.6.RELEASE\attoparser-2.0.6.RELEASE.jar;C:\Users\ACER\.m2\repository\org\unbescape\unbescape\1.1.6.RELEASE\unbescape-1.1.6.RELEASE.jar;C:\Users\ACER\.m2\repository\org\springframework\boot\spring-boot-starter-web\3.0.6\spring-boot-starter-web-3.0.6.jar;C:\Users\ACER\.m2\repository\org\springframework\boot\spring-boot-starter-json\3.0.6\spring-boot-starter-json-3.0.6.jar;C:\Users\ACER\.m2\repository\com\fasterxml\jackson\core\jackson-databind\2.14.2\jackson-databind-2.14.2.jar;C:\Users\ACER\.m2\repository\com\fasterxml\jackson\core\jackson-annotations\2.14.2\jackson-annotations-2.14.2.jar;C:\Users\ACER\.m2\repository\com\fasterxml\jackson\core\jackson-core\2.14.2\jackson-core-2.14.2.jar;C:\Users\ACER\.m2\repository\com\fasterxml\jackson\datatype\jackson-datatype-jdk8\2.14.2\jackson-datatype-jdk8-2.14.2.jar;C:\Users\ACER\.m2\repository\com\fasterxml\jackson\datatype\jackson-datatype-jsr310\2.14.2\jackson-datatype-jsr310-2.14.2.jar;C:\Users\ACER\.m2\repository\com\fasterxml\jackson\module\jackson-module-parameter-names\2.14.2\jackson-module-parameter-names-2.14.2.jar;C:\Users\ACER\.m2\repository\org\springframework\boot\spring-boot-starter-tomcat\3.0.6\spring-boot-starter-tomcat-3.0.6.jar;C:\Users\ACER\.m2\repository\org\apache\tomcat\embed\tomcat-embed-core\10.1.8\tomcat-embed-core-10.1.8.jar;C:\Users\ACER\.m2\repository\org\apache\tomcat\embed\tomcat-embed-el\10.1.8\tomcat-embed-el-10.1.8.jar;C:\Users\ACER\.m2\repository\org\apache\tomcat\embed\tomcat-embed-websocket\10.1.8\tomcat-embed-websocket-10.1.8.jar;C:\Users\ACER\.m2\repository\org\springframework\spring-web\6.0.8\spring-web-6.0.8.jar;C:\Users\ACER\.m2\repository\io\micrometer\micrometer-observation\1.10.6\micrometer-observation-1.10.6.jar;C:\Users\ACER\.m2\repository\io\micrometer\micrometer-commons\1.10.6\micrometer-commons-1.10.6.jar;C:\Users\ACER\.m2\repository\org\springframework\spring-webmvc\6.0.8\spring-webmvc-6.0.8.jar;C:\Users\ACER\.m2\repository\org\springframework\spring-expression\6.0.8\spring-expression-6.0.8.jar;C:\Users\ACER\.m2\repository\com\mysql\mysql-connector-j\8.0.33\mysql-connector-j-8.0.33.jar;C:\Users\ACER\.m2\repository\jakarta\xml\bind\jakarta.xml.bind-api\4.0.0\jakarta.xml.bind-api-4.0.0.jar;C:\Users\ACER\.m2\repository\jakarta\activation\jakarta.activation-api\2.1.1\jakarta.activation-api-2.1.1.jar;C:\Users\ACER\.m2\repository\org\springframework\spring-core\6.0.8\spring-core-6.0.8.jar;C:\Users\ACER\.m2\repository\org\springframework\spring-jcl\6.0.8\spring-jcl-6.0.8.jar;C:\Users\ACER\.m2\repository\javax\validation\validation-api\2.0.1.Final\validation-api-2.0.1.Final.jar
Launcher Type: SUN_STANDARD

[Global flags]
     intx CICompilerCount                          = 3                                         {product} {ergonomic}
     uint ConcGCThreads                            = 1                                         {product} {ergonomic}
     uint G1ConcRefinementThreads                  = 4                                         {product} {ergonomic}
   size_t G1HeapRegionSize                         = 1048576                                   {product} {ergonomic}
    uintx GCDrainStackTargetSize                   = 64                                        {product} {ergonomic}
   size_t InitialHeapSize                          = 65011712                                  {product} {ergonomic}
   size_t MarkStackSize                            = 4194304                                   {product} {ergonomic}
   size_t MaxHeapSize                              = 1040187392                                {product} {ergonomic}
   size_t MaxNewSize                               = 623902720                                 {product} {ergonomic}
   size_t MinHeapDeltaBytes                        = 1048576                                   {product} {ergonomic}
   size_t MinHeapSize                              = 8388608                                   {product} {ergonomic}
    uintx NonNMethodCodeHeapSize                   = 5832780                                {pd product} {ergonomic}
    uintx NonProfiledCodeHeapSize                  = 122912730                              {pd product} {ergonomic}
    uintx ProfiledCodeHeapSize                     = 122912730                              {pd product} {ergonomic}
    uintx ReservedCodeCacheSize                    = 251658240                              {pd product} {ergonomic}
     bool SegmentedCodeCache                       = true                                      {product} {ergonomic}
   size_t SoftMaxHeapSize                          = 1040187392                             {manageable} {ergonomic}
     bool UseCompressedClassPointers               = true                           {product lp64_product} {ergonomic}
     bool UseCompressedOops                        = true                           {product lp64_product} {ergonomic}
     bool UseG1GC                                  = true                                      {product} {ergonomic}
     bool UseLargePagesIndividualAllocation        = false                                  {pd product} {ergonomic}

Logging:
Log output configuration:
 #0: stdout all=warning uptime,level,tags foldmultilines=false
 #1: stderr all=off uptime,level,tags foldmultilines=false

Environment Variables:
JAVA_HOME=C:\Program Files\Java\jdk-18.0.1.1
PATH=C:\Users\ACER\Desktop\ora\bin;C:\app\ACER\product\21c\dbhomeXE\bin;C:\Program Files\Common Files\Oracle\Java\javapath;C:\Program Files\Microsoft\jdk-11.0.12.7-hotspot\bin;C:\Windows\system32;C:\Windows;C:\Windows\System32\Wbem;C:\Windows\System32\WindowsPowerShell\v1.0\;C:\Windows\System32\OpenSSH\;C:\Program Files\Microsoft SQL Server\150\Tools\Binn\;C:\Program Files\Microsoft SQL Server\Client SDK\ODBC\170\Tools\Binn\;C:\Program Files\dotnet\;C:\Program Files (x86)\Microsoft SQL Server\150\Tools\Binn\;C:\Program Files\Microsoft SQL Server\150\DTS\Binn\;C:\Program Files (x86)\Microsoft SQL Server\150\DTS\Binn\;C:\Program Files\Azure Data Studio\bin;C:\Program Files\Java\jdk-18.0.1.1\bin;C:\Users\ACER\AppData\Local\Microsoft\WindowsApps;C:\Users\ACER\.dotnet\tools;C:\Program Files\Azure Data Studio\bin;C:\Users\ACER\AppData\Local\Programs\Microsoft VS Code\bin
USERNAME=ACER
OS=Windows_NT
PROCESSOR_IDENTIFIER=Intel64 Family 6 Model 78 Stepping 3, GenuineIntel



---------------  S Y S T E M  ---------------

OS:
 Windows 10 , 64 bit Build 19041 (10.0.19041.2913)
OS uptime: 6 days 12:31 hours

CPU: total 4 (initial active 4) (2 cores per cpu, 2 threads per core) family 6 model 78 stepping 3 microcode 0xcc, cx8, cmov, fxsr, ht, mmx, 3dnowpref, sse, sse2, sse3, ssse3, sse4.1, sse4.2, popcnt, lzcnt, tsc, tscinvbit, avx, avx2, aes, erms, clmul, bmi1, bmi2, adx, fma, vzeroupper, clflush, clflushopt

Memory: 4k page, system-wide physical 3962M (311M free)
TotalPageFile size 16250M (AvailPageFile size 2M)
current process WorkingSet (physical memory assigned to process): 178M, peak: 178M
current process commit charge ("private bytes"): 208M, peak: 208M

vm_info: Java HotSpot(TM) 64-Bit Server VM (18.0.1.1+2-6) for windows-amd64 JRE (18.0.1.1+2-6), built on Apr 25 2022 21:53:15 by "mach5one" with MS VC++ 16.8 / 16.9 (VS2019)

END.
